[ 2018-02-27T01:23:16+08:00 ] 127.0.0.1 /YHQ_Blog/index.php/test/BlogPost
INFO: [ app_init ] --START--
INFO: Run Behavior\BuildLiteBehavior [ RunTime:0.000011s ]
INFO: [ app_init ] --END-- [ RunTime:0.000881s ]
INFO: [ app_begin ] --START--
INFO: Run Behavior\ReadHtmlCacheBehavior [ RunTime:0.001415s ]
INFO: [ app_begin ] --END-- [ RunTime:0.001472s ]
INFO: [ view_parse ] --START--
NOTIC: [2] file_get_contents(./Template/Admin/Common/page_content.html): failed to open stream: No such file or directory C:\MyServer\www\YHQ_Blog\ThinkPHP\Library\Think\Template.class.php 第 696 行.
INFO: [ template_filter ] --START--
INFO: Run Behavior\ContentReplaceBehavior [ RunTime:0.000429s ]
INFO: [ template_filter ] --END-- [ RunTime:0.000479s ]
INFO: Run Behavior\ParseTemplateBehavior [ RunTime:0.028215s ]
INFO: [ view_parse ] --END-- [ RunTime:0.028262s ]
INFO: [ view_filter ] --START--
INFO: Run Behavior\WriteHtmlCacheBehavior [ RunTime:0.000638s ]
INFO: [ view_filter ] --END-- [ RunTime:0.000658s ]
INFO: [ app_end ] --START--
INFO: Run Behavior\ShowPageTraceBehavior [ RunTime:0.001311s ]
INFO: [ app_end ] --END-- [ RunTime:0.001379s ]

[ 2018-02-27T01:23:17+08:00 ] 127.0.0.1 /yhq_blog/index.php/test/blog_post/getlist.html
INFO: [ app_init ] --START--
INFO: Run Behavior\BuildLiteBehavior [ RunTime:0.000013s ]
INFO: [ app_init ] --END-- [ RunTime:0.000758s ]
INFO: [ app_begin ] --START--
INFO: Run Behavior\ReadHtmlCacheBehavior [ RunTime:0.001022s ]
INFO: [ app_begin ] --END-- [ RunTime:0.001075s ]
NOTIC: [2] Illegal string offset 'name' C:\MyServer\www\YHQ_Blog\Application\Admin\Controller\BlogPostController.class.php 第 27 行.
NOTIC: [2] Illegal string offset 'name' C:\MyServer\www\YHQ_Blog\Application\Admin\Controller\BlogPostController.class.php 第 27 行.

[ 2018-02-27T01:23:17+08:00 ] 127.0.0.1 /yhq_blog/index.php/test/blog_category/getall.html
INFO: [ app_init ] --START--
INFO: Run Behavior\BuildLiteBehavior [ RunTime:0.000012s ]
INFO: [ app_init ] --END-- [ RunTime:0.000881s ]
INFO: [ app_begin ] --START--
INFO: Run Behavior\ReadHtmlCacheBehavior [ RunTime:0.002989s ]
INFO: [ app_begin ] --END-- [ RunTime:0.003043s ]

[ 2018-02-27T01:23:19+08:00 ] 127.0.0.1 /yhq_blog/index.php/test/comment/index.html
INFO: [ app_init ] --START--
INFO: Run Behavior\BuildLiteBehavior [ RunTime:0.000007s ]
INFO: [ app_init ] --END-- [ RunTime:0.000373s ]
INFO: [ app_begin ] --START--
INFO: Run Behavior\ReadHtmlCacheBehavior [ RunTime:0.000880s ]
INFO: [ app_begin ] --END-- [ RunTime:0.000922s ]
INFO: [ view_parse ] --START--
NOTIC: [2] file_get_contents(./Template/Admin/Common/page_content.html): failed to open stream: No such file or directory C:\MyServer\www\YHQ_Blog\ThinkPHP\Library\Think\Template.class.php 第 696 行.
INFO: [ template_filter ] --START--
INFO: Run Behavior\ContentReplaceBehavior [ RunTime:0.000307s ]
INFO: [ template_filter ] --END-- [ RunTime:0.000351s ]
INFO: Run Behavior\ParseTemplateBehavior [ RunTime:0.017903s ]
INFO: [ view_parse ] --END-- [ RunTime:0.017946s ]
INFO: [ view_filter ] --START--
INFO: Run Behavior\WriteHtmlCacheBehavior [ RunTime:0.000897s ]
INFO: [ view_filter ] --END-- [ RunTime:0.000926s ]
INFO: [ app_end ] --START--
INFO: Run Behavior\ShowPageTraceBehavior [ RunTime:0.001792s ]
INFO: [ app_end ] --END-- [ RunTime:0.001863s ]

[ 2018-02-27T01:23:20+08:00 ] 127.0.0.1 /yhq_blog/index.php/test/comment/getlist.html
INFO: [ app_init ] --START--
INFO: Run Behavior\BuildLiteBehavior [ RunTime:0.000013s ]
INFO: [ app_init ] --END-- [ RunTime:0.000837s ]
INFO: [ app_begin ] --START--
INFO: Run Behavior\ReadHtmlCacheBehavior [ RunTime:0.001498s ]
INFO: [ app_begin ] --END-- [ RunTime:0.001560s ]

[ 2018-02-27T01:23:32+08:00 ] 127.0.0.1 /yhq_blog/index.php/test/comment_post/index.html
INFO: [ app_init ] --START--
INFO: Run Behavior\BuildLiteBehavior [ RunTime:0.000007s ]
INFO: [ app_init ] --END-- [ RunTime:0.000329s ]
INFO: [ app_begin ] --START--
INFO: Run Behavior\ReadHtmlCacheBehavior [ RunTime:0.000828s ]
INFO: [ app_begin ] --END-- [ RunTime:0.000871s ]
INFO: [ view_parse ] --START--
NOTIC: [2] file_get_contents(./Template/Admin/Common/page_content.html): failed to open stream: No such file or directory C:\MyServer\www\YHQ_Blog\ThinkPHP\Library\Think\Template.class.php 第 696 行.
INFO: [ template_filter ] --START--
INFO: Run Behavior\ContentReplaceBehavior [ RunTime:0.000336s ]
INFO: [ template_filter ] --END-- [ RunTime:0.000375s ]
INFO: Run Behavior\ParseTemplateBehavior [ RunTime:0.016174s ]
INFO: [ view_parse ] --END-- [ RunTime:0.016215s ]
INFO: [ view_filter ] --START--
INFO: Run Behavior\WriteHtmlCacheBehavior [ RunTime:0.000861s ]
INFO: [ view_filter ] --END-- [ RunTime:0.000884s ]
INFO: [ app_end ] --START--
INFO: Run Behavior\ShowPageTraceBehavior [ RunTime:0.002657s ]
INFO: [ app_end ] --END-- [ RunTime:0.002749s ]

[ 2018-02-27T01:23:33+08:00 ] 127.0.0.1 /yhq_blog/index.php/test/comment_post/getlist.html
INFO: [ app_init ] --START--
INFO: Run Behavior\BuildLiteBehavior [ RunTime:0.000010s ]
INFO: [ app_init ] --END-- [ RunTime:0.000567s ]
INFO: [ app_begin ] --START--
INFO: Run Behavior\ReadHtmlCacheBehavior [ RunTime:0.001008s ]
INFO: [ app_begin ] --END-- [ RunTime:0.001057s ]

[ 2018-02-27T01:23:33+08:00 ] 127.0.0.1 /yhq_blog/index.php/test/comment_site/getall.html
INFO: [ app_init ] --START--
INFO: Run Behavior\BuildLiteBehavior [ RunTime:0.000013s ]
INFO: [ app_init ] --END-- [ RunTime:0.000851s ]
INFO: [ app_begin ] --START--
INFO: Run Behavior\ReadHtmlCacheBehavior [ RunTime:0.001300s ]
INFO: [ app_begin ] --END-- [ RunTime:0.001365s ]

[ 2018-02-27T01:23:34+08:00 ] 127.0.0.1 /yhq_blog/index.php/test/comment_site/index.html
INFO: [ app_init ] --START--
INFO: Run Behavior\BuildLiteBehavior [ RunTime:0.000010s ]
INFO: [ app_init ] --END-- [ RunTime:0.000569s ]
INFO: [ app_begin ] --START--
INFO: Run Behavior\ReadHtmlCacheBehavior [ RunTime:0.000669s ]
INFO: [ app_begin ] --END-- [ RunTime:0.000705s ]
INFO: [ view_parse ] --START--
NOTIC: [2] file_get_contents(./Template/Admin/Common/page_content.html): failed to open stream: No such file or directory C:\MyServer\www\YHQ_Blog\ThinkPHP\Library\Think\Template.class.php 第 696 行.
INFO: [ template_filter ] --START--
INFO: Run Behavior\ContentReplaceBehavior [ RunTime:0.000687s ]
INFO: [ template_filter ] --END-- [ RunTime:0.000762s ]
INFO: Run Behavior\ParseTemplateBehavior [ RunTime:0.015376s ]
INFO: [ view_parse ] --END-- [ RunTime:0.015425s ]
INFO: [ view_filter ] --START--
INFO: Run Behavior\WriteHtmlCacheBehavior [ RunTime:0.000639s ]
INFO: [ view_filter ] --END-- [ RunTime:0.000660s ]
INFO: [ app_end ] --START--
INFO: Run Behavior\ShowPageTraceBehavior [ RunTime:0.001464s ]
INFO: [ app_end ] --END-- [ RunTime:0.001578s ]

[ 2018-02-27T01:23:34+08:00 ] 127.0.0.1 /yhq_blog/index.php/test/comment_site/getlist.html
INFO: [ app_init ] --START--
INFO: Run Behavior\BuildLiteBehavior [ RunTime:0.000011s ]
INFO: [ app_init ] --END-- [ RunTime:0.000631s ]
INFO: [ app_begin ] --START--
INFO: Run Behavior\ReadHtmlCacheBehavior [ RunTime:0.001071s ]
INFO: [ app_begin ] --END-- [ RunTime:0.001124s ]
NOTIC: [8] Undefined index: start C:\MyServer\www\YHQ_Blog\Application\Admin\Controller\CommentSiteController.class.php 第 15 行.
NOTIC: [8] Undefined index: length C:\MyServer\www\YHQ_Blog\Application\Admin\Controller\CommentSiteController.class.php 第 15 行.
NOTIC: [8] Undefined index: columns C:\MyServer\www\YHQ_Blog\Application\Admin\Controller\CommentSiteController.class.php 第 18 行.
NOTIC: [2] Invalid argument supplied for foreach() C:\MyServer\www\YHQ_Blog\Application\Admin\Controller\CommentSiteController.class.php 第 18 行.
NOTIC: [8] Undefined index: order C:\MyServer\www\YHQ_Blog\Application\Admin\Controller\CommentSiteController.class.php 第 23 行.
NOTIC: [2] Invalid argument supplied for foreach() C:\MyServer\www\YHQ_Blog\Application\Admin\Controller\CommentSiteController.class.php 第 23 行.

[ 2018-02-27T01:23:35+08:00 ] 127.0.0.1 /yhq_blog/index.php/test/comment_post/index.html
INFO: [ app_init ] --START--
INFO: Run Behavior\BuildLiteBehavior [ RunTime:0.000008s ]
INFO: [ app_init ] --END-- [ RunTime:0.000421s ]
INFO: [ app_begin ] --START--
INFO: Run Behavior\ReadHtmlCacheBehavior [ RunTime:0.000685s ]
INFO: [ app_begin ] --END-- [ RunTime:0.000725s ]
INFO: [ view_parse ] --START--
NOTIC: [2] file_get_contents(./Template/Admin/Common/page_content.html): failed to open stream: No such file or directory C:\MyServer\www\YHQ_Blog\ThinkPHP\Library\Think\Template.class.php 第 696 行.
INFO: [ template_filter ] --START--
INFO: Run Behavior\ContentReplaceBehavior [ RunTime:0.000417s ]
INFO: [ template_filter ] --END-- [ RunTime:0.000463s ]
INFO: Run Behavior\ParseTemplateBehavior [ RunTime:0.016381s ]
INFO: [ view_parse ] --END-- [ RunTime:0.016448s ]
INFO: [ view_filter ] --START--
INFO: Run Behavior\WriteHtmlCacheBehavior [ RunTime:0.000658s ]
INFO: [ view_filter ] --END-- [ RunTime:0.000696s ]
INFO: [ app_end ] --START--
INFO: Run Behavior\ShowPageTraceBehavior [ RunTime:0.002251s ]
INFO: [ app_end ] --END-- [ RunTime:0.002425s ]

[ 2018-02-27T01:23:35+08:00 ] 127.0.0.1 /yhq_blog/index.php/test/comment_post/getlist.html
INFO: [ app_init ] --START--
INFO: Run Behavior\BuildLiteBehavior [ RunTime:0.000011s ]
INFO: [ app_init ] --END-- [ RunTime:0.000536s ]
INFO: [ app_begin ] --START--
INFO: Run Behavior\ReadHtmlCacheBehavior [ RunTime:0.000974s ]
INFO: [ app_begin ] --END-- [ RunTime:0.001018s ]

[ 2018-02-27T01:23:35+08:00 ] 127.0.0.1 /yhq_blog/index.php/test/comment_site/getall.html
INFO: [ app_init ] --START--
INFO: Run Behavior\BuildLiteBehavior [ RunTime:0.000010s ]
INFO: [ app_init ] --END-- [ RunTime:0.000573s ]
INFO: [ app_begin ] --START--
INFO: Run Behavior\ReadHtmlCacheBehavior [ RunTime:0.000908s ]
INFO: [ app_begin ] --END-- [ RunTime:0.000954s ]

[ 2018-02-27T01:23:36+08:00 ] 127.0.0.1 /yhq_blog/index.php/test/comment_site/index.html
INFO: [ app_init ] --START--
INFO: Run Behavior\BuildLiteBehavior [ RunTime:0.000008s ]
INFO: [ app_init ] --END-- [ RunTime:0.000359s ]
INFO: [ app_begin ] --START--
INFO: Run Behavior\ReadHtmlCacheBehavior [ RunTime:0.000650s ]
INFO: [ app_begin ] --END-- [ RunTime:0.000688s ]
INFO: [ view_parse ] --START--
NOTIC: [2] file_get_contents(./Template/Admin/Common/page_content.html): failed to open stream: No such file or directory C:\MyServer\www\YHQ_Blog\ThinkPHP\Library\Think\Template.class.php 第 696 行.
INFO: [ template_filter ] --START--
INFO: Run Behavior\ContentReplaceBehavior [ RunTime:0.000265s ]
INFO: [ template_filter ] --END-- [ RunTime:0.000313s ]
INFO: Run Behavior\ParseTemplateBehavior [ RunTime:0.014747s ]
INFO: [ view_parse ] --END-- [ RunTime:0.014801s ]
INFO: [ view_filter ] --START--
INFO: Run Behavior\WriteHtmlCacheBehavior [ RunTime:0.000773s ]
INFO: [ view_filter ] --END-- [ RunTime:0.000814s ]
INFO: [ app_end ] --START--
INFO: Run Behavior\ShowPageTraceBehavior [ RunTime:0.002194s ]
INFO: [ app_end ] --END-- [ RunTime:0.002299s ]

[ 2018-02-27T01:23:36+08:00 ] 127.0.0.1 /yhq_blog/index.php/test/comment_site/getlist.html
INFO: [ app_init ] --START--
INFO: Run Behavior\BuildLiteBehavior [ RunTime:0.000010s ]
INFO: [ app_init ] --END-- [ RunTime:0.000493s ]
INFO: [ app_begin ] --START--
INFO: Run Behavior\ReadHtmlCacheBehavior [ RunTime:0.000905s ]
INFO: [ app_begin ] --END-- [ RunTime:0.000957s ]
NOTIC: [8] Undefined index: start C:\MyServer\www\YHQ_Blog\Application\Admin\Controller\CommentSiteController.class.php 第 15 行.
NOTIC: [8] Undefined index: length C:\MyServer\www\YHQ_Blog\Application\Admin\Controller\CommentSiteController.class.php 第 15 行.
NOTIC: [8] Undefined index: columns C:\MyServer\www\YHQ_Blog\Application\Admin\Controller\CommentSiteController.class.php 第 18 行.
NOTIC: [2] Invalid argument supplied for foreach() C:\MyServer\www\YHQ_Blog\Application\Admin\Controller\CommentSiteController.class.php 第 18 行.
NOTIC: [8] Undefined index: order C:\MyServer\www\YHQ_Blog\Application\Admin\Controller\CommentSiteController.class.php 第 23 行.
NOTIC: [2] Invalid argument supplied for foreach() C:\MyServer\www\YHQ_Blog\Application\Admin\Controller\CommentSiteController.class.php 第 23 行.

[ 2018-02-27T01:23:42+08:00 ] 127.0.0.1 /yhq_blog/index.php/test/comment_post/index.html
INFO: [ app_init ] --START--
INFO: Run Behavior\BuildLiteBehavior [ RunTime:0.000008s ]
INFO: [ app_init ] --END-- [ RunTime:0.000413s ]
INFO: [ app_begin ] --START--
INFO: Run Behavior\ReadHtmlCacheBehavior [ RunTime:0.000685s ]
INFO: [ app_begin ] --END-- [ RunTime:0.000724s ]
INFO: [ view_parse ] --START--
NOTIC: [2] file_get_contents(./Template/Admin/Common/page_content.html): failed to open stream: No such file or directory C:\MyServer\www\YHQ_Blog\ThinkPHP\Library\Think\Template.class.php 第 696 行.
INFO: [ template_filter ] --START--
INFO: Run Behavior\ContentReplaceBehavior [ RunTime:0.000357s ]
INFO: [ template_filter ] --END-- [ RunTime:0.000400s ]
INFO: Run Behavior\ParseTemplateBehavior [ RunTime:0.014051s ]
INFO: [ view_parse ] --END-- [ RunTime:0.014093s ]
INFO: [ view_filter ] --START--
INFO: Run Behavior\WriteHtmlCacheBehavior [ RunTime:0.000502s ]
INFO: [ view_filter ] --END-- [ RunTime:0.000523s ]
INFO: [ app_end ] --START--
INFO: Run Behavior\ShowPageTraceBehavior [ RunTime:0.001527s ]
INFO: [ app_end ] --END-- [ RunTime:0.001596s ]

[ 2018-02-27T01:23:43+08:00 ] 127.0.0.1 /yhq_blog/index.php/test/comment_post/getlist.html
INFO: [ app_init ] --START--
INFO: Run Behavior\BuildLiteBehavior [ RunTime:0.000012s ]
INFO: [ app_init ] --END-- [ RunTime:0.000712s ]
INFO: [ app_begin ] --START--
INFO: Run Behavior\ReadHtmlCacheBehavior [ RunTime:0.000886s ]
INFO: [ app_begin ] --END-- [ RunTime:0.000934s ]

[ 2018-02-27T01:23:43+08:00 ] 127.0.0.1 /yhq_blog/index.php/test/comment_site/getall.html
INFO: [ app_init ] --START--
INFO: Run Behavior\BuildLiteBehavior [ RunTime:0.000016s ]
INFO: [ app_init ] --END-- [ RunTime:0.000570s ]
INFO: [ app_begin ] --START--
INFO: Run Behavior\ReadHtmlCacheBehavior [ RunTime:0.001086s ]
INFO: [ app_begin ] --END-- [ RunTime:0.001157s ]

[ 2018-02-27T01:23:46+08:00 ] 127.0.0.1 /yhq_blog/index.php/test/comment_post/getlist.html
INFO: [ app_init ] --START--
INFO: Run Behavior\BuildLiteBehavior [ RunTime:0.000011s ]
INFO: [ app_init ] --END-- [ RunTime:0.000615s ]
INFO: [ app_begin ] --START--
INFO: Run Behavior\ReadHtmlCacheBehavior [ RunTime:0.000725s ]
INFO: [ app_begin ] --END-- [ RunTime:0.000770s ]

[ 2018-02-27T01:23:48+08:00 ] 127.0.0.1 /yhq_blog/index.php/test/comment_post/getlist.html
INFO: [ app_init ] --START--
INFO: Run Behavior\BuildLiteBehavior [ RunTime:0.000008s ]
INFO: [ app_init ] --END-- [ RunTime:0.000384s ]
INFO: [ app_begin ] --START--
INFO: Run Behavior\ReadHtmlCacheBehavior [ RunTime:0.000588s ]
INFO: [ app_begin ] --END-- [ RunTime:0.000618s ]

[ 2018-02-27T01:23:55+08:00 ] 127.0.0.1 /yhq_blog/index.php/test/comment/index.html
INFO: [ app_init ] --START--
INFO: Run Behavior\BuildLiteBehavior [ RunTime:0.000010s ]
INFO: [ app_init ] --END-- [ RunTime:0.000653s ]
INFO: [ app_begin ] --START--
INFO: Run Behavior\ReadHtmlCacheBehavior [ RunTime:0.001366s ]
INFO: [ app_begin ] --END-- [ RunTime:0.001421s ]
INFO: [ view_parse ] --START--
NOTIC: [2] file_get_contents(./Template/Admin/Common/page_content.html): failed to open stream: No such file or directory C:\MyServer\www\YHQ_Blog\ThinkPHP\Library\Think\Template.class.php 第 696 行.
INFO: [ template_filter ] --START--
INFO: Run Behavior\ContentReplaceBehavior [ RunTime:0.000298s ]
INFO: [ template_filter ] --END-- [ RunTime:0.000330s ]
INFO: Run Behavior\ParseTemplateBehavior [ RunTime:0.011053s ]
INFO: [ view_parse ] --END-- [ RunTime:0.011089s ]
INFO: [ view_filter ] --START--
INFO: Run Behavior\WriteHtmlCacheBehavior [ RunTime:0.000432s ]
INFO: [ view_filter ] --END-- [ RunTime:0.000454s ]
INFO: [ app_end ] --START--
INFO: Run Behavior\ShowPageTraceBehavior [ RunTime:0.002649s ]
INFO: [ app_end ] --END-- [ RunTime:0.002767s ]

[ 2018-02-27T01:23:55+08:00 ] 127.0.0.1 /yhq_blog/index.php/test/comment/getlist.html
INFO: [ app_init ] --START--
INFO: Run Behavior\BuildLiteBehavior [ RunTime:0.000012s ]
INFO: [ app_init ] --END-- [ RunTime:0.000653s ]
INFO: [ app_begin ] --START--
INFO: Run Behavior\ReadHtmlCacheBehavior [ RunTime:0.001028s ]
INFO: [ app_begin ] --END-- [ RunTime:0.001083s ]

[ 2018-02-27T13:32:08+08:00 ] 127.0.0.1 /yhq_blog/index.php/test/comment/getlist.html
INFO: [ app_init ] --START--
INFO: Run Behavior\BuildLiteBehavior [ RunTime:0.000014s ]
INFO: [ app_init ] --END-- [ RunTime:0.001684s ]
INFO: [ app_begin ] --START--
INFO: Run Behavior\ReadHtmlCacheBehavior [ RunTime:0.002017s ]
INFO: [ app_begin ] --END-- [ RunTime:0.002076s ]

[ 2018-02-27T13:45:13+08:00 ] 127.0.0.1 /YHQ_Blog/index.php/test/BlogPost
INFO: [ app_init ] --START--
INFO: Run Behavior\BuildLiteBehavior [ RunTime:0.000016s ]
INFO: [ app_init ] --END-- [ RunTime:0.000871s ]
INFO: [ app_begin ] --START--
INFO: Run Behavior\ReadHtmlCacheBehavior [ RunTime:0.001365s ]
INFO: [ app_begin ] --END-- [ RunTime:0.001415s ]
INFO: [ view_parse ] --START--
NOTIC: [2] file_get_contents(./Template/Admin/Common/page_content.html): failed to open stream: No such file or directory C:\MyServer\www\YHQ_Blog\ThinkPHP\Library\Think\Template.class.php 第 696 行.
INFO: [ template_filter ] --START--
INFO: Run Behavior\ContentReplaceBehavior [ RunTime:0.000695s ]
INFO: [ template_filter ] --END-- [ RunTime:0.000779s ]
INFO: Run Behavior\ParseTemplateBehavior [ RunTime:0.036425s ]
INFO: [ view_parse ] --END-- [ RunTime:0.036483s ]
INFO: [ view_filter ] --START--
INFO: Run Behavior\WriteHtmlCacheBehavior [ RunTime:0.002019s ]
INFO: [ view_filter ] --END-- [ RunTime:0.002069s ]
INFO: [ app_end ] --START--
INFO: Run Behavior\ShowPageTraceBehavior [ RunTime:0.002892s ]
INFO: [ app_end ] --END-- [ RunTime:0.002960s ]

[ 2018-02-27T13:45:14+08:00 ] 127.0.0.1 /yhq_blog/index.php/test/blog_post/getlist.html
INFO: [ app_init ] --START--
INFO: Run Behavior\BuildLiteBehavior [ RunTime:0.000012s ]
INFO: [ app_init ] --END-- [ RunTime:0.000603s ]
INFO: [ app_begin ] --START--
INFO: Run Behavior\ReadHtmlCacheBehavior [ RunTime:0.001032s ]
INFO: [ app_begin ] --END-- [ RunTime:0.001085s ]
NOTIC: [2] Illegal string offset 'name' C:\MyServer\www\YHQ_Blog\Application\Admin\Controller\BlogPostController.class.php 第 27 行.
NOTIC: [2] Illegal string offset 'name' C:\MyServer\www\YHQ_Blog\Application\Admin\Controller\BlogPostController.class.php 第 27 行.

[ 2018-02-27T13:45:14+08:00 ] 127.0.0.1 /yhq_blog/index.php/test/blog_category/getall.html
INFO: [ app_init ] --START--
INFO: Run Behavior\BuildLiteBehavior [ RunTime:0.000015s ]
INFO: [ app_init ] --END-- [ RunTime:0.001838s ]
INFO: [ app_begin ] --START--
INFO: Run Behavior\ReadHtmlCacheBehavior [ RunTime:0.001708s ]
INFO: [ app_begin ] --END-- [ RunTime:0.001770s ]

[ 2018-02-27T13:45:17+08:00 ] 127.0.0.1 /yhq_blog/index.php/test/blog_post/create.html
INFO: [ app_init ] --START--
INFO: Run Behavior\BuildLiteBehavior [ RunTime:0.000012s ]
INFO: [ app_init ] --END-- [ RunTime:0.000647s ]
INFO: [ app_begin ] --START--
INFO: Run Behavior\ReadHtmlCacheBehavior [ RunTime:0.000973s ]
INFO: [ app_begin ] --END-- [ RunTime:0.001029s ]
INFO: [ view_parse ] --START--
NOTIC: [2] file_get_contents(./Template/Admin/Common/page_content.html): failed to open stream: No such file or directory C:\MyServer\www\YHQ_Blog\ThinkPHP\Library\Think\Template.class.php 第 696 行.
INFO: [ template_filter ] --START--
INFO: Run Behavior\ContentReplaceBehavior [ RunTime:0.000298s ]
INFO: [ template_filter ] --END-- [ RunTime:0.000333s ]
INFO: Run Behavior\ParseTemplateBehavior [ RunTime:0.016198s ]
INFO: [ view_parse ] --END-- [ RunTime:0.016684s ]
INFO: [ view_filter ] --START--
INFO: Run Behavior\WriteHtmlCacheBehavior [ RunTime:0.000674s ]
INFO: [ view_filter ] --END-- [ RunTime:0.000694s ]
INFO: [ app_end ] --START--
INFO: Run Behavior\ShowPageTraceBehavior [ RunTime:0.001886s ]
INFO: [ app_end ] --END-- [ RunTime:0.001947s ]

[ 2018-02-27T13:45:18+08:00 ] 127.0.0.1 /yhq_blog/index.php/test/blog_category/getall.html
INFO: [ app_init ] --START--
INFO: Run Behavior\BuildLiteBehavior [ RunTime:0.000011s ]
INFO: [ app_init ] --END-- [ RunTime:0.000603s ]
INFO: [ app_begin ] --START--
INFO: Run Behavior\ReadHtmlCacheBehavior [ RunTime:0.000939s ]
INFO: [ app_begin ] --END-- [ RunTime:0.000989s ]

[ 2018-02-27T13:45:18+08:00 ] 127.0.0.1 /yhq_blog/index.php/test/blog_tag/getall.html
INFO: [ app_init ] --START--
INFO: Run Behavior\BuildLiteBehavior [ RunTime:0.000010s ]
INFO: [ app_init ] --END-- [ RunTime:0.000503s ]
INFO: [ app_begin ] --START--
INFO: Run Behavior\ReadHtmlCacheBehavior [ RunTime:0.000928s ]
INFO: [ app_begin ] --END-- [ RunTime:0.000971s ]

[ 2018-02-27T14:18:22+08:00 ] 127.0.0.1 /yhq_blog/index.php/test/blog_category/add.html
INFO: [ app_init ] --START--
INFO: Run Behavior\BuildLiteBehavior [ RunTime:0.000008s ]
INFO: [ app_init ] --END-- [ RunTime:0.000509s ]
INFO: [ app_begin ] --START--
INFO: Run Behavior\ReadHtmlCacheBehavior [ RunTime:0.001333s ]
INFO: [ app_begin ] --END-- [ RunTime:0.001381s ]
NOTIC: [8] Undefined index: validate C:\MyServer\www\YHQ_Blog\ThinkPHP\Library\Think\Model.class.php 第 1337 行.
NOTIC: [8] Undefined index: cat_parent_id C:\MyServer\www\YHQ_Blog\ThinkPHP\Library\Think\Model.class.php 第 1375 行.
NOTIC: [8] Undefined index: auto C:\MyServer\www\YHQ_Blog\ThinkPHP\Library\Think\Model.class.php 第 1267 行.

[ 2018-02-27T14:18:22+08:00 ] 127.0.0.1 /yhq_blog/index.php/test/blog_category/getall.html
INFO: [ app_init ] --START--
INFO: Run Behavior\BuildLiteBehavior [ RunTime:0.000012s ]
INFO: [ app_init ] --END-- [ RunTime:0.000553s ]
INFO: [ app_begin ] --START--
INFO: Run Behavior\ReadHtmlCacheBehavior [ RunTime:0.000744s ]
INFO: [ app_begin ] --END-- [ RunTime:0.000789s ]

[ 2018-02-27T14:18:29+08:00 ] 127.0.0.1 /yhq_blog/index.php/test/blog_post/store.html
INFO: [ app_init ] --START--
INFO: Run Behavior\BuildLiteBehavior [ RunTime:0.000007s ]
INFO: [ app_init ] --END-- [ RunTime:0.000328s ]
INFO: [ app_begin ] --START--
INFO: Run Behavior\ReadHtmlCacheBehavior [ RunTime:0.000760s ]
INFO: [ app_begin ] --END-- [ RunTime:0.000801s ]
NOTIC: [8] Undefined index: tag_id C:\MyServer\www\YHQ_Blog\Application\Admin\Controller\BlogPostController.class.php 第 88 行.
NOTIC: [8] Undefined index: validate C:\MyServer\www\YHQ_Blog\ThinkPHP\Library\Think\Model.class.php 第 1337 行.
NOTIC: [8] Undefined index: auto C:\MyServer\www\YHQ_Blog\ThinkPHP\Library\Think\Model.class.php 第 1267 行.

[ 2018-02-27T14:18:29+08:00 ] 127.0.0.1 /yhq_blog/index.php/test/blog_post/edit.html?id=73
INFO: [ app_init ] --START--
INFO: Run Behavior\BuildLiteBehavior [ RunTime:0.000011s ]
INFO: [ app_init ] --END-- [ RunTime:0.000585s ]
INFO: [ app_begin ] --START--
INFO: Run Behavior\ReadHtmlCacheBehavior [ RunTime:0.000980s ]
INFO: [ app_begin ] --END-- [ RunTime:0.001035s ]
INFO: [ view_parse ] --START--
NOTIC: [2] file_get_contents(./Template/Admin/Common/page_content.html): failed to open stream: No such file or directory C:\MyServer\www\YHQ_Blog\ThinkPHP\Library\Think\Template.class.php 第 696 行.
INFO: [ template_filter ] --START--
INFO: Run Behavior\ContentReplaceBehavior [ RunTime:0.000420s ]
INFO: [ template_filter ] --END-- [ RunTime:0.000473s ]
INFO: Run Behavior\ParseTemplateBehavior [ RunTime:0.027021s ]
INFO: [ view_parse ] --END-- [ RunTime:0.027093s ]
INFO: [ view_filter ] --START--
INFO: Run Behavior\WriteHtmlCacheBehavior [ RunTime:0.000907s ]
INFO: [ view_filter ] --END-- [ RunTime:0.000943s ]
INFO: [ app_end ] --START--
INFO: Run Behavior\ShowPageTraceBehavior [ RunTime:0.002011s ]
INFO: [ app_end ] --END-- [ RunTime:0.002095s ]

[ 2018-02-27T14:18:29+08:00 ] 127.0.0.1 /yhq_blog/index.php/test/blog_category/getall.html
INFO: [ app_init ] --START--
INFO: Run Behavior\BuildLiteBehavior [ RunTime:0.000011s ]
INFO: [ app_init ] --END-- [ RunTime:0.000590s ]
INFO: [ app_begin ] --START--
INFO: Run Behavior\ReadHtmlCacheBehavior [ RunTime:0.000959s ]
INFO: [ app_begin ] --END-- [ RunTime:0.001016s ]

[ 2018-02-27T14:18:29+08:00 ] 127.0.0.1 /yhq_blog/index.php/test/blog_tag/getall.html
INFO: [ app_init ] --START--
INFO: Run Behavior\BuildLiteBehavior [ RunTime:0.000011s ]
INFO: [ app_init ] --END-- [ RunTime:0.000732s ]
INFO: [ app_begin ] --START--
INFO: Run Behavior\ReadHtmlCacheBehavior [ RunTime:0.002298s ]
INFO: [ app_begin ] --END-- [ RunTime:0.002359s ]

[ 2018-02-27T14:18:30+08:00 ] 127.0.0.1 /yhq_blog/index.php/test/blog_post/getitembyid.html
INFO: [ app_init ] --START--
INFO: Run Behavior\BuildLiteBehavior [ RunTime:0.000010s ]
INFO: [ app_init ] --END-- [ RunTime:0.000481s ]
INFO: [ app_begin ] --START--
INFO: Run Behavior\ReadHtmlCacheBehavior [ RunTime:0.000934s ]
INFO: [ app_begin ] --END-- [ RunTime:0.000994s ]

[ 2018-02-27T14:18:33+08:00 ] 127.0.0.1 /yhq_blog/index.php/test/blog_post/index.html
INFO: [ app_init ] --START--
INFO: Run Behavior\BuildLiteBehavior [ RunTime:0.000008s ]
INFO: [ app_init ] --END-- [ RunTime:0.000395s ]
INFO: [ app_begin ] --START--
INFO: Run Behavior\ReadHtmlCacheBehavior [ RunTime:0.000958s ]
INFO: [ app_begin ] --END-- [ RunTime:0.001011s ]
INFO: [ view_parse ] --START--
NOTIC: [2] file_get_contents(./Template/Admin/Common/page_content.html): failed to open stream: No such file or directory C:\MyServer\www\YHQ_Blog\ThinkPHP\Library\Think\Template.class.php 第 696 行.
INFO: [ template_filter ] --START--
INFO: Run Behavior\ContentReplaceBehavior [ RunTime:0.000501s ]
INFO: [ template_filter ] --END-- [ RunTime:0.000604s ]
INFO: Run Behavior\ParseTemplateBehavior [ RunTime:0.019131s ]
INFO: [ view_parse ] --END-- [ RunTime:0.019175s ]
INFO: [ view_filter ] --START--
INFO: Run Behavior\WriteHtmlCacheBehavior [ RunTime:0.000891s ]
INFO: [ view_filter ] --END-- [ RunTime:0.000919s ]
INFO: [ app_end ] --START--
INFO: Run Behavior\ShowPageTraceBehavior [ RunTime:0.002352s ]
INFO: [ app_end ] --END-- [ RunTime:0.002449s ]

[ 2018-02-27T14:18:33+08:00 ] 127.0.0.1 /yhq_blog/index.php/test/blog_post/getlist.html
INFO: [ app_init ] --START--
INFO: Run Behavior\BuildLiteBehavior [ RunTime:0.000009s ]
INFO: [ app_init ] --END-- [ RunTime:0.000512s ]
INFO: [ app_begin ] --START--
INFO: Run Behavior\ReadHtmlCacheBehavior [ RunTime:0.000862s ]
INFO: [ app_begin ] --END-- [ RunTime:0.000910s ]
NOTIC: [2] Illegal string offset 'name' C:\MyServer\www\YHQ_Blog\Application\Admin\Controller\BlogPostController.class.php 第 27 行.
NOTIC: [2] Illegal string offset 'name' C:\MyServer\www\YHQ_Blog\Application\Admin\Controller\BlogPostController.class.php 第 27 行.

[ 2018-02-27T14:18:33+08:00 ] 127.0.0.1 /yhq_blog/index.php/test/blog_category/getall.html
INFO: [ app_init ] --START--
INFO: Run Behavior\BuildLiteBehavior [ RunTime:0.000010s ]
INFO: [ app_init ] --END-- [ RunTime:0.000636s ]
INFO: [ app_begin ] --START--
INFO: Run Behavior\ReadHtmlCacheBehavior [ RunTime:0.003166s ]
INFO: [ app_begin ] --END-- [ RunTime:0.003281s ]

[ 2018-02-27T14:21:19+08:00 ] 127.0.0.1 /yhq_blog/index.php/test/blog_post/edit.html?id=73
INFO: [ app_init ] --START--
INFO: Run Behavior\BuildLiteBehavior [ RunTime:0.000008s ]
INFO: [ app_init ] --END-- [ RunTime:0.000393s ]
INFO: [ app_begin ] --START--
INFO: Run Behavior\ReadHtmlCacheBehavior [ RunTime:0.000961s ]
INFO: [ app_begin ] --END-- [ RunTime:0.001016s ]
INFO: [ view_parse ] --START--
NOTIC: [2] file_get_contents(./Template/Admin/Common/page_content.html): failed to open stream: No such file or directory C:\MyServer\www\YHQ_Blog\ThinkPHP\Library\Think\Template.class.php 第 696 行.
INFO: [ template_filter ] --START--
INFO: Run Behavior\ContentReplaceBehavior [ RunTime:0.000361s ]
INFO: [ template_filter ] --END-- [ RunTime:0.000414s ]
INFO: Run Behavior\ParseTemplateBehavior [ RunTime:0.024604s ]
INFO: [ view_parse ] --END-- [ RunTime:0.024657s ]
INFO: [ view_filter ] --START--
INFO: Run Behavior\WriteHtmlCacheBehavior [ RunTime:0.002374s ]
INFO: [ view_filter ] --END-- [ RunTime:0.002422s ]
INFO: [ app_end ] --START--
INFO: Run Behavior\ShowPageTraceBehavior [ RunTime:0.004655s ]
INFO: [ app_end ] --END-- [ RunTime:0.006170s ]

[ 2018-02-27T14:21:20+08:00 ] 127.0.0.1 /yhq_blog/index.php/test/blog_category/getall.html
INFO: [ app_init ] --START--
INFO: Run Behavior\BuildLiteBehavior [ RunTime:0.000010s ]
INFO: [ app_init ] --END-- [ RunTime:0.000575s ]
INFO: [ app_begin ] --START--
INFO: Run Behavior\ReadHtmlCacheBehavior [ RunTime:0.000842s ]
INFO: [ app_begin ] --END-- [ RunTime:0.000892s ]

[ 2018-02-27T14:21:20+08:00 ] 127.0.0.1 /yhq_blog/index.php/test/blog_tag/getall.html
INFO: [ app_init ] --START--
INFO: Run Behavior\BuildLiteBehavior [ RunTime:0.000012s ]
INFO: [ app_init ] --END-- [ RunTime:0.000695s ]
INFO: [ app_begin ] --START--
INFO: Run Behavior\ReadHtmlCacheBehavior [ RunTime:0.001153s ]
INFO: [ app_begin ] --END-- [ RunTime:0.001208s ]

[ 2018-02-27T14:21:20+08:00 ] 127.0.0.1 /yhq_blog/index.php/test/blog_post/getitembyid.html
INFO: [ app_init ] --START--
INFO: Run Behavior\BuildLiteBehavior [ RunTime:0.000008s ]
INFO: [ app_init ] --END-- [ RunTime:0.000384s ]
INFO: [ app_begin ] --START--
INFO: Run Behavior\ReadHtmlCacheBehavior [ RunTime:0.000610s ]
INFO: [ app_begin ] --END-- [ RunTime:0.000637s ]

[ 2018-02-27T14:25:05+08:00 ] 127.0.0.1 /yhq_blog/index.php/test/blog_post/update.html
INFO: [ app_init ] --START--
INFO: Run Behavior\BuildLiteBehavior [ RunTime:0.000010s ]
INFO: [ app_init ] --END-- [ RunTime:0.000746s ]
INFO: [ app_begin ] --START--
INFO: Run Behavior\ReadHtmlCacheBehavior [ RunTime:0.001681s ]
INFO: [ app_begin ] --END-- [ RunTime:0.001741s ]
NOTIC: [8] Undefined index: cat_name C:\MyServer\www\YHQ_Blog\Application\Admin\Controller\BlogPostController.class.php 第 179 行.
NOTIC: [2] array_filter() expects parameter 1 to be array, null given C:\MyServer\www\YHQ_Blog\Application\Admin\Controller\BlogPostController.class.php 第 181 行.
NOTIC: [8] Undefined index: validate C:\MyServer\www\YHQ_Blog\ThinkPHP\Library\Think\Model.class.php 第 1337 行.
NOTIC: [8] Undefined index: auto C:\MyServer\www\YHQ_Blog\ThinkPHP\Library\Think\Model.class.php 第 1267 行.
NOTIC: [2] Illegal offset type in isset or empty C:\MyServer\www\YHQ_Blog\ThinkPHP\Library\Think\Model.class.php 第 579 行.
NOTIC: [2] Illegal offset type in isset or empty C:\MyServer\www\YHQ_Blog\ThinkPHP\Library\Think\Model.class.php 第 579 行.
NOTIC: [8] Undefined index: tag_id C:\MyServer\www\YHQ_Blog\Application\Admin\Logic\BlogPostLogic.class.php 第 227 行.
NOTIC: [2] Invalid argument supplied for foreach() C:\MyServer\www\YHQ_Blog\Application\Admin\Logic\BlogPostLogic.class.php 第 227 行.

[ 2018-02-27T14:28:41+08:00 ] 127.0.0.1 /yhq_blog/index.php/test/blog_post/update.html
INFO: [ app_init ] --START--
INFO: Run Behavior\BuildLiteBehavior [ RunTime:0.000008s ]
INFO: [ app_init ] --END-- [ RunTime:0.000478s ]
INFO: [ app_begin ] --START--
INFO: Run Behavior\ReadHtmlCacheBehavior [ RunTime:0.002629s ]
INFO: [ app_begin ] --END-- [ RunTime:0.002720s ]
NOTIC: [8] Undefined index: cat_name C:\MyServer\www\YHQ_Blog\Application\Admin\Controller\BlogPostController.class.php 第 180 行.
NOTIC: [2] array_filter() expects parameter 1 to be array, null given C:\MyServer\www\YHQ_Blog\Application\Admin\Controller\BlogPostController.class.php 第 182 行.
NOTIC: [8] Undefined index: validate C:\MyServer\www\YHQ_Blog\ThinkPHP\Library\Think\Model.class.php 第 1337 行.
NOTIC: [8] Undefined index: auto C:\MyServer\www\YHQ_Blog\ThinkPHP\Library\Think\Model.class.php 第 1267 行.
NOTIC: [2] Illegal offset type in isset or empty C:\MyServer\www\YHQ_Blog\ThinkPHP\Library\Think\Model.class.php 第 579 行.
NOTIC: [2] Illegal offset type in isset or empty C:\MyServer\www\YHQ_Blog\ThinkPHP\Library\Think\Model.class.php 第 579 行.
NOTIC: [8] Undefined index: tag_id C:\MyServer\www\YHQ_Blog\Application\Admin\Logic\BlogPostLogic.class.php 第 227 行.
NOTIC: [2] Invalid argument supplied for foreach() C:\MyServer\www\YHQ_Blog\Application\Admin\Logic\BlogPostLogic.class.php 第 227 行.

[ 2018-02-27T14:30:09+08:00 ] 127.0.0.1 /yhq_blog/index.php/test/blog_post/update.html
INFO: [ app_init ] --START--
INFO: Run Behavior\BuildLiteBehavior [ RunTime:0.000011s ]
INFO: [ app_init ] --END-- [ RunTime:0.000588s ]
INFO: [ app_begin ] --START--
INFO: Run Behavior\ReadHtmlCacheBehavior [ RunTime:0.000637s ]
INFO: [ app_begin ] --END-- [ RunTime:0.000667s ]
NOTIC: [8] Undefined index: cat_name C:\MyServer\www\YHQ_Blog\Application\Admin\Controller\BlogPostController.class.php 第 180 行.
NOTIC: [2] array_filter() expects parameter 1 to be array, null given C:\MyServer\www\YHQ_Blog\Application\Admin\Controller\BlogPostController.class.php 第 182 行.
NOTIC: [8] Undefined index: validate C:\MyServer\www\YHQ_Blog\ThinkPHP\Library\Think\Model.class.php 第 1337 行.
NOTIC: [8] Undefined index: auto C:\MyServer\www\YHQ_Blog\ThinkPHP\Library\Think\Model.class.php 第 1267 行.
NOTIC: [2] Illegal offset type in isset or empty C:\MyServer\www\YHQ_Blog\ThinkPHP\Library\Think\Model.class.php 第 579 行.
NOTIC: [2] Illegal offset type in isset or empty C:\MyServer\www\YHQ_Blog\ThinkPHP\Library\Think\Model.class.php 第 579 行.
NOTIC: [8] Undefined index: tag_id C:\MyServer\www\YHQ_Blog\Application\Admin\Logic\BlogPostLogic.class.php 第 227 行.
NOTIC: [2] Invalid argument supplied for foreach() C:\MyServer\www\YHQ_Blog\Application\Admin\Logic\BlogPostLogic.class.php 第 227 行.

[ 2018-02-27T14:31:16+08:00 ] 127.0.0.1 /yhq_blog/index.php/test/blog_post/update.html
INFO: [ app_init ] --START--
INFO: Run Behavior\BuildLiteBehavior [ RunTime:0.000008s ]
INFO: [ app_init ] --END-- [ RunTime:0.000503s ]
INFO: [ app_begin ] --START--
INFO: Run Behavior\ReadHtmlCacheBehavior [ RunTime:0.002388s ]
INFO: [ app_begin ] --END-- [ RunTime:0.002445s ]
NOTIC: [8] Undefined index: cat_name C:\MyServer\www\YHQ_Blog\Application\Admin\Controller\BlogPostController.class.php 第 180 行.
NOTIC: [2] array_filter() expects parameter 1 to be array, null given C:\MyServer\www\YHQ_Blog\Application\Admin\Controller\BlogPostController.class.php 第 182 行.
NOTIC: [8] Undefined index: validate C:\MyServer\www\YHQ_Blog\ThinkPHP\Library\Think\Model.class.php 第 1337 行.
NOTIC: [8] Undefined index: auto C:\MyServer\www\YHQ_Blog\ThinkPHP\Library\Think\Model.class.php 第 1267 行.
NOTIC: [2] Illegal offset type in isset or empty C:\MyServer\www\YHQ_Blog\ThinkPHP\Library\Think\Model.class.php 第 579 行.
NOTIC: [2] Illegal offset type in isset or empty C:\MyServer\www\YHQ_Blog\ThinkPHP\Library\Think\Model.class.php 第 579 行.
NOTIC: [8] Undefined index: tag_id C:\MyServer\www\YHQ_Blog\Application\Admin\Logic\BlogPostLogic.class.php 第 227 行.
NOTIC: [2] Invalid argument supplied for foreach() C:\MyServer\www\YHQ_Blog\Application\Admin\Logic\BlogPostLogic.class.php 第 227 行.

[ 2018-02-27T14:31:37+08:00 ] 127.0.0.1 /yhq_blog/index.php/test/blog_post/update.html
INFO: [ app_init ] --START--
INFO: Run Behavior\BuildLiteBehavior [ RunTime:0.000010s ]
INFO: [ app_init ] --END-- [ RunTime:0.000561s ]
INFO: [ app_begin ] --START--
INFO: Run Behavior\ReadHtmlCacheBehavior [ RunTime:0.000844s ]
INFO: [ app_begin ] --END-- [ RunTime:0.000898s ]
NOTIC: [8] Undefined index: cat_name C:\MyServer\www\YHQ_Blog\Application\Admin\Controller\BlogPostController.class.php 第 180 行.
NOTIC: [2] array_filter() expects parameter 1 to be array, null given C:\MyServer\www\YHQ_Blog\Application\Admin\Controller\BlogPostController.class.php 第 182 行.
NOTIC: [8] Undefined index: validate C:\MyServer\www\YHQ_Blog\ThinkPHP\Library\Think\Model.class.php 第 1337 行.
NOTIC: [8] Undefined index: auto C:\MyServer\www\YHQ_Blog\ThinkPHP\Library\Think\Model.class.php 第 1267 行.
NOTIC: [2] Illegal offset type in isset or empty C:\MyServer\www\YHQ_Blog\ThinkPHP\Library\Think\Model.class.php 第 579 行.
NOTIC: [2] Illegal offset type in isset or empty C:\MyServer\www\YHQ_Blog\ThinkPHP\Library\Think\Model.class.php 第 579 行.
NOTIC: [8] Undefined index: tag_id C:\MyServer\www\YHQ_Blog\Application\Admin\Logic\BlogPostLogic.class.php 第 227 行.
NOTIC: [2] Invalid argument supplied for foreach() C:\MyServer\www\YHQ_Blog\Application\Admin\Logic\BlogPostLogic.class.php 第 227 行.

[ 2018-02-27T14:31:51+08:00 ] 127.0.0.1 /yhq_blog/index.php/test/blog_post/update.html
INFO: [ app_init ] --START--
INFO: Run Behavior\BuildLiteBehavior [ RunTime:0.000007s ]
INFO: [ app_init ] --END-- [ RunTime:0.000376s ]
INFO: [ app_begin ] --START--
INFO: Run Behavior\ReadHtmlCacheBehavior [ RunTime:0.000687s ]
INFO: [ app_begin ] --END-- [ RunTime:0.000729s ]
NOTIC: [8] Undefined index: cat_name C:\MyServer\www\YHQ_Blog\Application\Admin\Controller\BlogPostController.class.php 第 180 行.
NOTIC: [2] array_filter() expects parameter 1 to be array, null given C:\MyServer\www\YHQ_Blog\Application\Admin\Controller\BlogPostController.class.php 第 182 行.
NOTIC: [8] Undefined index: validate C:\MyServer\www\YHQ_Blog\ThinkPHP\Library\Think\Model.class.php 第 1337 行.
NOTIC: [8] Undefined index: auto C:\MyServer\www\YHQ_Blog\ThinkPHP\Library\Think\Model.class.php 第 1267 行.
NOTIC: [2] Illegal offset type in isset or empty C:\MyServer\www\YHQ_Blog\ThinkPHP\Library\Think\Model.class.php 第 579 行.
NOTIC: [2] Illegal offset type in isset or empty C:\MyServer\www\YHQ_Blog\ThinkPHP\Library\Think\Model.class.php 第 579 行.
NOTIC: [8] Undefined index: tag_id C:\MyServer\www\YHQ_Blog\Application\Admin\Logic\BlogPostLogic.class.php 第 227 行.
NOTIC: [2] Invalid argument supplied for foreach() C:\MyServer\www\YHQ_Blog\Application\Admin\Logic\BlogPostLogic.class.php 第 227 行.

[ 2018-02-27T14:32:17+08:00 ] 127.0.0.1 /yhq_blog/index.php/test/blog_post/update.html
INFO: [ app_init ] --START--
INFO: Run Behavior\BuildLiteBehavior [ RunTime:0.000010s ]
INFO: [ app_init ] --END-- [ RunTime:0.000464s ]
INFO: [ app_begin ] --START--
INFO: Run Behavior\ReadHtmlCacheBehavior [ RunTime:0.000651s ]
INFO: [ app_begin ] --END-- [ RunTime:0.000687s ]
NOTIC: [8] Undefined index: cat_name C:\MyServer\www\YHQ_Blog\Application\Admin\Controller\BlogPostController.class.php 第 180 行.
NOTIC: [2] array_filter() expects parameter 1 to be array, null given C:\MyServer\www\YHQ_Blog\Application\Admin\Controller\BlogPostController.class.php 第 182 行.
NOTIC: [8] Undefined index: validate C:\MyServer\www\YHQ_Blog\ThinkPHP\Library\Think\Model.class.php 第 1337 行.
NOTIC: [8] Undefined index: auto C:\MyServer\www\YHQ_Blog\ThinkPHP\Library\Think\Model.class.php 第 1267 行.
NOTIC: [2] Illegal offset type in isset or empty C:\MyServer\www\YHQ_Blog\ThinkPHP\Library\Think\Model.class.php 第 579 行.
NOTIC: [2] Illegal offset type in isset or empty C:\MyServer\www\YHQ_Blog\ThinkPHP\Library\Think\Model.class.php 第 579 行.
NOTIC: [8] Undefined index: tag_id C:\MyServer\www\YHQ_Blog\Application\Admin\Logic\BlogPostLogic.class.php 第 227 行.
NOTIC: [2] Invalid argument supplied for foreach() C:\MyServer\www\YHQ_Blog\Application\Admin\Logic\BlogPostLogic.class.php 第 227 行.

[ 2018-02-27T14:32:30+08:00 ] 127.0.0.1 /yhq_blog/index.php/test/blog_post/update.html
INFO: [ app_init ] --START--
INFO: Run Behavior\BuildLiteBehavior [ RunTime:0.000011s ]
INFO: [ app_init ] --END-- [ RunTime:0.000581s ]
INFO: [ app_begin ] --START--
INFO: Run Behavior\ReadHtmlCacheBehavior [ RunTime:0.001083s ]
INFO: [ app_begin ] --END-- [ RunTime:0.001139s ]
NOTIC: [8] Undefined index: cat_name C:\MyServer\www\YHQ_Blog\Application\Admin\Controller\BlogPostController.class.php 第 180 行.
NOTIC: [2] array_filter() expects parameter 1 to be array, null given C:\MyServer\www\YHQ_Blog\Application\Admin\Controller\BlogPostController.class.php 第 182 行.
NOTIC: [8] Undefined index: validate C:\MyServer\www\YHQ_Blog\ThinkPHP\Library\Think\Model.class.php 第 1337 行.
NOTIC: [8] Undefined index: auto C:\MyServer\www\YHQ_Blog\ThinkPHP\Library\Think\Model.class.php 第 1267 行.
NOTIC: [2] Illegal offset type in isset or empty C:\MyServer\www\YHQ_Blog\ThinkPHP\Library\Think\Model.class.php 第 579 行.
NOTIC: [2] Illegal offset type in isset or empty C:\MyServer\www\YHQ_Blog\ThinkPHP\Library\Think\Model.class.php 第 579 行.
NOTIC: [8] Undefined index: tag_id C:\MyServer\www\YHQ_Blog\Application\Admin\Logic\BlogPostLogic.class.php 第 227 行.
NOTIC: [2] Invalid argument supplied for foreach() C:\MyServer\www\YHQ_Blog\Application\Admin\Logic\BlogPostLogic.class.php 第 227 行.

[ 2018-02-27T14:32:43+08:00 ] 127.0.0.1 /yhq_blog/index.php/test/blog_post/update.html
INFO: [ app_init ] --START--
INFO: Run Behavior\BuildLiteBehavior [ RunTime:0.000010s ]
INFO: [ app_init ] --END-- [ RunTime:0.000539s ]
INFO: [ app_begin ] --START--
INFO: Run Behavior\ReadHtmlCacheBehavior [ RunTime:0.001049s ]
INFO: [ app_begin ] --END-- [ RunTime:0.001107s ]
NOTIC: [8] Undefined index: cat_name C:\MyServer\www\YHQ_Blog\Application\Admin\Controller\BlogPostController.class.php 第 180 行.
NOTIC: [2] array_filter() expects parameter 1 to be array, null given C:\MyServer\www\YHQ_Blog\Application\Admin\Controller\BlogPostController.class.php 第 182 行.
NOTIC: [8] Undefined index: validate C:\MyServer\www\YHQ_Blog\ThinkPHP\Library\Think\Model.class.php 第 1337 行.
NOTIC: [8] Undefined index: auto C:\MyServer\www\YHQ_Blog\ThinkPHP\Library\Think\Model.class.php 第 1267 行.
NOTIC: [2] Illegal offset type in isset or empty C:\MyServer\www\YHQ_Blog\ThinkPHP\Library\Think\Model.class.php 第 579 行.
NOTIC: [2] Illegal offset type in isset or empty C:\MyServer\www\YHQ_Blog\ThinkPHP\Library\Think\Model.class.php 第 579 行.
NOTIC: [8] Undefined index: tag_id C:\MyServer\www\YHQ_Blog\Application\Admin\Logic\BlogPostLogic.class.php 第 227 行.
NOTIC: [2] Invalid argument supplied for foreach() C:\MyServer\www\YHQ_Blog\Application\Admin\Logic\BlogPostLogic.class.php 第 227 行.

[ 2018-02-27T14:33:20+08:00 ] 127.0.0.1 /yhq_blog/index.php/test/blog_post/update.html
INFO: [ app_init ] --START--
INFO: Run Behavior\BuildLiteBehavior [ RunTime:0.000008s ]
INFO: [ app_init ] --END-- [ RunTime:0.000466s ]
INFO: [ app_begin ] --START--
INFO: Run Behavior\ReadHtmlCacheBehavior [ RunTime:0.000890s ]
INFO: [ app_begin ] --END-- [ RunTime:0.000923s ]
NOTIC: [8] Undefined index: cat_name C:\MyServer\www\YHQ_Blog\Application\Admin\Controller\BlogPostController.class.php 第 180 行.
NOTIC: [2] array_filter() expects parameter 1 to be array, null given C:\MyServer\www\YHQ_Blog\Application\Admin\Controller\BlogPostController.class.php 第 182 行.
NOTIC: [8] Undefined index: validate C:\MyServer\www\YHQ_Blog\ThinkPHP\Library\Think\Model.class.php 第 1337 行.
NOTIC: [8] Undefined index: auto C:\MyServer\www\YHQ_Blog\ThinkPHP\Library\Think\Model.class.php 第 1267 行.
NOTIC: [2] Illegal offset type in isset or empty C:\MyServer\www\YHQ_Blog\ThinkPHP\Library\Think\Model.class.php 第 579 行.
NOTIC: [2] Illegal offset type in isset or empty C:\MyServer\www\YHQ_Blog\ThinkPHP\Library\Think\Model.class.php 第 579 行.
NOTIC: [8] Undefined index: tag_id C:\MyServer\www\YHQ_Blog\Application\Admin\Logic\BlogPostLogic.class.php 第 227 行.
NOTIC: [2] Invalid argument supplied for foreach() C:\MyServer\www\YHQ_Blog\Application\Admin\Logic\BlogPostLogic.class.php 第 227 行.

[ 2018-02-27T14:33:34+08:00 ] 127.0.0.1 /yhq_blog/index.php/test/blog_post/update.html
INFO: [ app_init ] --START--
INFO: Run Behavior\BuildLiteBehavior [ RunTime:0.000008s ]
INFO: [ app_init ] --END-- [ RunTime:0.000413s ]
INFO: [ app_begin ] --START--
INFO: Run Behavior\ReadHtmlCacheBehavior [ RunTime:0.000916s ]
INFO: [ app_begin ] --END-- [ RunTime:0.000982s ]
NOTIC: [8] Undefined index: cat_name C:\MyServer\www\YHQ_Blog\Application\Admin\Controller\BlogPostController.class.php 第 180 行.
NOTIC: [2] array_filter() expects parameter 1 to be array, null given C:\MyServer\www\YHQ_Blog\Application\Admin\Controller\BlogPostController.class.php 第 182 行.
NOTIC: [8] Undefined index: validate C:\MyServer\www\YHQ_Blog\ThinkPHP\Library\Think\Model.class.php 第 1337 行.
NOTIC: [8] Undefined index: auto C:\MyServer\www\YHQ_Blog\ThinkPHP\Library\Think\Model.class.php 第 1267 行.
NOTIC: [2] Illegal offset type in isset or empty C:\MyServer\www\YHQ_Blog\ThinkPHP\Library\Think\Model.class.php 第 579 行.
NOTIC: [2] Illegal offset type in isset or empty C:\MyServer\www\YHQ_Blog\ThinkPHP\Library\Think\Model.class.php 第 579 行.
NOTIC: [8] Undefined index: tag_id C:\MyServer\www\YHQ_Blog\Application\Admin\Logic\BlogPostLogic.class.php 第 227 行.
NOTIC: [2] Invalid argument supplied for foreach() C:\MyServer\www\YHQ_Blog\Application\Admin\Logic\BlogPostLogic.class.php 第 227 行.

[ 2018-02-27T14:35:52+08:00 ] 127.0.0.1 /yhq_blog/index.php/test/blog_post/update.html
INFO: [ app_init ] --START--
INFO: Run Behavior\BuildLiteBehavior [ RunTime:0.000100s ]
INFO: [ app_init ] --END-- [ RunTime:0.000822s ]
INFO: [ app_begin ] --START--
INFO: Run Behavior\ReadHtmlCacheBehavior [ RunTime:0.002632s ]
INFO: [ app_begin ] --END-- [ RunTime:0.002689s ]
NOTIC: [8] Undefined index: cat_name C:\MyServer\www\YHQ_Blog\Application\Admin\Controller\BlogPostController.class.php 第 180 行.
NOTIC: [2] array_filter() expects parameter 1 to be array, null given C:\MyServer\www\YHQ_Blog\Application\Admin\Controller\BlogPostController.class.php 第 182 行.
NOTIC: [8] Undefined index: validate C:\MyServer\www\YHQ_Blog\ThinkPHP\Library\Think\Model.class.php 第 1337 行.
NOTIC: [8] Undefined index: auto C:\MyServer\www\YHQ_Blog\ThinkPHP\Library\Think\Model.class.php 第 1267 行.
NOTIC: [2] Illegal offset type in isset or empty C:\MyServer\www\YHQ_Blog\ThinkPHP\Library\Think\Model.class.php 第 579 行.
NOTIC: [2] Illegal offset type in isset or empty C:\MyServer\www\YHQ_Blog\ThinkPHP\Library\Think\Model.class.php 第 579 行.
NOTIC: [8] Undefined index: tag_id C:\MyServer\www\YHQ_Blog\Application\Admin\Logic\BlogPostLogic.class.php 第 227 行.
NOTIC: [2] Invalid argument supplied for foreach() C:\MyServer\www\YHQ_Blog\Application\Admin\Logic\BlogPostLogic.class.php 第 227 行.

[ 2018-02-27T14:36:32+08:00 ] 127.0.0.1 /yhq_blog/index.php/test/blog_post/update.html
INFO: [ app_init ] --START--
INFO: Run Behavior\BuildLiteBehavior [ RunTime:0.000010s ]
INFO: [ app_init ] --END-- [ RunTime:0.000563s ]
INFO: [ app_begin ] --START--
INFO: Run Behavior\ReadHtmlCacheBehavior [ RunTime:0.000904s ]
INFO: [ app_begin ] --END-- [ RunTime:0.000944s ]
NOTIC: [8] Undefined index: cat_name C:\MyServer\www\YHQ_Blog\Application\Admin\Controller\BlogPostController.class.php 第 180 行.
NOTIC: [2] array_filter() expects parameter 1 to be array, null given C:\MyServer\www\YHQ_Blog\Application\Admin\Controller\BlogPostController.class.php 第 182 行.
NOTIC: [8] Undefined index: validate C:\MyServer\www\YHQ_Blog\ThinkPHP\Library\Think\Model.class.php 第 1337 行.
NOTIC: [8] Undefined index: auto C:\MyServer\www\YHQ_Blog\ThinkPHP\Library\Think\Model.class.php 第 1267 行.
NOTIC: [2] Illegal offset type in isset or empty C:\MyServer\www\YHQ_Blog\ThinkPHP\Library\Think\Model.class.php 第 579 行.
NOTIC: [2] Illegal offset type in isset or empty C:\MyServer\www\YHQ_Blog\ThinkPHP\Library\Think\Model.class.php 第 579 行.
NOTIC: [8] Undefined index: tag_id C:\MyServer\www\YHQ_Blog\Application\Admin\Logic\BlogPostLogic.class.php 第 227 行.
NOTIC: [2] Invalid argument supplied for foreach() C:\MyServer\www\YHQ_Blog\Application\Admin\Logic\BlogPostLogic.class.php 第 227 行.

[ 2018-02-27T14:36:51+08:00 ] 127.0.0.1 /yhq_blog/index.php/test/blog_post/update.html
INFO: [ app_init ] --START--
INFO: Run Behavior\BuildLiteBehavior [ RunTime:0.000011s ]
INFO: [ app_init ] --END-- [ RunTime:0.000612s ]
INFO: [ app_begin ] --START--
INFO: Run Behavior\ReadHtmlCacheBehavior [ RunTime:0.000968s ]
INFO: [ app_begin ] --END-- [ RunTime:0.001020s ]
NOTIC: [8] Undefined index: cat_name C:\MyServer\www\YHQ_Blog\Application\Admin\Controller\BlogPostController.class.php 第 180 行.
NOTIC: [2] array_filter() expects parameter 1 to be array, null given C:\MyServer\www\YHQ_Blog\Application\Admin\Controller\BlogPostController.class.php 第 182 行.
NOTIC: [8] Undefined index: validate C:\MyServer\www\YHQ_Blog\ThinkPHP\Library\Think\Model.class.php 第 1337 行.
NOTIC: [8] Undefined index: auto C:\MyServer\www\YHQ_Blog\ThinkPHP\Library\Think\Model.class.php 第 1267 行.
NOTIC: [2] Illegal offset type in isset or empty C:\MyServer\www\YHQ_Blog\ThinkPHP\Library\Think\Model.class.php 第 579 行.
NOTIC: [2] Illegal offset type in isset or empty C:\MyServer\www\YHQ_Blog\ThinkPHP\Library\Think\Model.class.php 第 579 行.
NOTIC: [8] Undefined index: tag_id C:\MyServer\www\YHQ_Blog\Application\Admin\Logic\BlogPostLogic.class.php 第 227 行.
NOTIC: [2] Invalid argument supplied for foreach() C:\MyServer\www\YHQ_Blog\Application\Admin\Logic\BlogPostLogic.class.php 第 227 行.

[ 2018-02-27T14:37:22+08:00 ] 127.0.0.1 /yhq_blog/index.php/test/blog_post/update.html
INFO: [ app_init ] --START--
INFO: Run Behavior\BuildLiteBehavior [ RunTime:0.000012s ]
INFO: [ app_init ] --END-- [ RunTime:0.000630s ]
INFO: [ app_begin ] --START--
INFO: Run Behavior\ReadHtmlCacheBehavior [ RunTime:0.000865s ]
INFO: [ app_begin ] --END-- [ RunTime:0.000907s ]
NOTIC: [8] Undefined index: cat_name C:\MyServer\www\YHQ_Blog\Application\Admin\Controller\BlogPostController.class.php 第 180 行.
NOTIC: [2] array_filter() expects parameter 1 to be array, null given C:\MyServer\www\YHQ_Blog\Application\Admin\Controller\BlogPostController.class.php 第 182 行.
NOTIC: [8] Undefined index: validate C:\MyServer\www\YHQ_Blog\ThinkPHP\Library\Think\Model.class.php 第 1337 行.
NOTIC: [8] Undefined index: auto C:\MyServer\www\YHQ_Blog\ThinkPHP\Library\Think\Model.class.php 第 1267 行.
NOTIC: [2] Illegal offset type in isset or empty C:\MyServer\www\YHQ_Blog\ThinkPHP\Library\Think\Model.class.php 第 579 行.
NOTIC: [2] Illegal offset type in isset or empty C:\MyServer\www\YHQ_Blog\ThinkPHP\Library\Think\Model.class.php 第 579 行.
NOTIC: [8] Undefined index: tag_id C:\MyServer\www\YHQ_Blog\Application\Admin\Logic\BlogPostLogic.class.php 第 227 行.
NOTIC: [2] Invalid argument supplied for foreach() C:\MyServer\www\YHQ_Blog\Application\Admin\Logic\BlogPostLogic.class.php 第 227 行.

[ 2018-02-27T14:37:57+08:00 ] 127.0.0.1 /yhq_blog/index.php/test/blog_post/update.html
INFO: [ app_init ] --START--
INFO: Run Behavior\BuildLiteBehavior [ RunTime:0.000016s ]
INFO: [ app_init ] --END-- [ RunTime:0.001556s ]
INFO: [ app_begin ] --START--
INFO: Run Behavior\ReadHtmlCacheBehavior [ RunTime:0.001323s ]
INFO: [ app_begin ] --END-- [ RunTime:0.001367s ]
NOTIC: [8] Undefined index: cat_name C:\MyServer\www\YHQ_Blog\Application\Admin\Controller\BlogPostController.class.php 第 180 行.
NOTIC: [2] array_filter() expects parameter 1 to be array, null given C:\MyServer\www\YHQ_Blog\Application\Admin\Controller\BlogPostController.class.php 第 182 行.
NOTIC: [8] Undefined index: validate C:\MyServer\www\YHQ_Blog\ThinkPHP\Library\Think\Model.class.php 第 1337 行.
NOTIC: [8] Undefined index: auto C:\MyServer\www\YHQ_Blog\ThinkPHP\Library\Think\Model.class.php 第 1267 行.
NOTIC: [2] Illegal offset type in isset or empty C:\MyServer\www\YHQ_Blog\ThinkPHP\Library\Think\Model.class.php 第 579 行.
NOTIC: [2] Illegal offset type in isset or empty C:\MyServer\www\YHQ_Blog\ThinkPHP\Library\Think\Model.class.php 第 579 行.
NOTIC: [8] Undefined index: tag_id C:\MyServer\www\YHQ_Blog\Application\Admin\Logic\BlogPostLogic.class.php 第 227 行.
NOTIC: [2] Invalid argument supplied for foreach() C:\MyServer\www\YHQ_Blog\Application\Admin\Logic\BlogPostLogic.class.php 第 227 行.

[ 2018-02-27T14:41:03+08:00 ] 127.0.0.1 /yhq_blog/index.php/test/blog_post/update.html
INFO: [ app_init ] --START--
INFO: Run Behavior\BuildLiteBehavior [ RunTime:0.000008s ]
INFO: [ app_init ] --END-- [ RunTime:0.000472s ]
INFO: [ app_begin ] --START--
INFO: Run Behavior\ReadHtmlCacheBehavior [ RunTime:0.001571s ]
INFO: [ app_begin ] --END-- [ RunTime:0.001620s ]
NOTIC: [8] Undefined index: cat_name C:\MyServer\www\YHQ_Blog\Application\Admin\Controller\BlogPostController.class.php 第 180 行.
NOTIC: [2] array_filter() expects parameter 1 to be array, null given C:\MyServer\www\YHQ_Blog\Application\Admin\Controller\BlogPostController.class.php 第 182 行.
NOTIC: [8] Undefined index: validate C:\MyServer\www\YHQ_Blog\ThinkPHP\Library\Think\Model.class.php 第 1337 行.
NOTIC: [8] Undefined index: auto C:\MyServer\www\YHQ_Blog\ThinkPHP\Library\Think\Model.class.php 第 1267 行.
NOTIC: [2] Illegal offset type in isset or empty C:\MyServer\www\YHQ_Blog\ThinkPHP\Library\Think\Model.class.php 第 579 行.
NOTIC: [2] Illegal offset type in isset or empty C:\MyServer\www\YHQ_Blog\ThinkPHP\Library\Think\Model.class.php 第 579 行.
NOTIC: [8] Undefined index: tag_id C:\MyServer\www\YHQ_Blog\Application\Admin\Logic\BlogPostLogic.class.php 第 227 行.
NOTIC: [2] Invalid argument supplied for foreach() C:\MyServer\www\YHQ_Blog\Application\Admin\Logic\BlogPostLogic.class.php 第 227 行.

[ 2018-02-27T17:19:31+08:00 ] 127.0.0.1 /yhq_blog/index.php/test/blog_post/update.html
INFO: [ app_init ] --START--
INFO: Run Behavior\BuildLiteBehavior [ RunTime:0.000015s ]
INFO: [ app_init ] --END-- [ RunTime:0.005430s ]
INFO: [ app_begin ] --START--
INFO: Run Behavior\ReadHtmlCacheBehavior [ RunTime:0.002006s ]
INFO: [ app_begin ] --END-- [ RunTime:0.002063s ]
NOTIC: [8] Undefined index: cat_name C:\MyServer\www\YHQ_Blog\Application\Admin\Controller\BlogPostController.class.php 第 179 行.
NOTIC: [2] array_filter() expects parameter 1 to be array, null given C:\MyServer\www\YHQ_Blog\Application\Admin\Controller\BlogPostController.class.php 第 181 行.
NOTIC: [8] Undefined index: validate C:\MyServer\www\YHQ_Blog\ThinkPHP\Library\Think\Model.class.php 第 1337 行.
NOTIC: [8] Undefined index: auto C:\MyServer\www\YHQ_Blog\ThinkPHP\Library\Think\Model.class.php 第 1267 行.
NOTIC: [2] Illegal offset type in isset or empty C:\MyServer\www\YHQ_Blog\ThinkPHP\Library\Think\Model.class.php 第 579 行.
NOTIC: [2] Illegal offset type in isset or empty C:\MyServer\www\YHQ_Blog\ThinkPHP\Library\Think\Model.class.php 第 579 行.
NOTIC: [8] Undefined index: tag_id C:\MyServer\www\YHQ_Blog\Application\Admin\Logic\BlogPostLogic.class.php 第 227 行.
NOTIC: [2] Invalid argument supplied for foreach() C:\MyServer\www\YHQ_Blog\Application\Admin\Logic\BlogPostLogic.class.php 第 227 行.

[ 2018-02-27T17:25:36+08:00 ] 127.0.0.1 /yhq_blog/index.php/test/blog_post/update.html
INFO: [ app_init ] --START--
INFO: Run Behavior\BuildLiteBehavior [ RunTime:0.000011s ]
INFO: [ app_init ] --END-- [ RunTime:0.000504s ]
INFO: [ app_begin ] --START--
INFO: Run Behavior\ReadHtmlCacheBehavior [ RunTime:0.000926s ]
INFO: [ app_begin ] --END-- [ RunTime:0.000961s ]
NOTIC: [8] Undefined index: cat_name C:\MyServer\www\YHQ_Blog\Application\Admin\Controller\BlogPostController.class.php 第 179 行.
NOTIC: [2] array_filter() expects parameter 1 to be array, null given C:\MyServer\www\YHQ_Blog\Application\Admin\Controller\BlogPostController.class.php 第 181 行.
NOTIC: [8] Undefined index: validate C:\MyServer\www\YHQ_Blog\ThinkPHP\Library\Think\Model.class.php 第 1337 行.
NOTIC: [8] Undefined index: auto C:\MyServer\www\YHQ_Blog\ThinkPHP\Library\Think\Model.class.php 第 1267 行.
NOTIC: [2] Illegal offset type in isset or empty C:\MyServer\www\YHQ_Blog\ThinkPHP\Library\Think\Model.class.php 第 579 行.
NOTIC: [2] Illegal offset type in isset or empty C:\MyServer\www\YHQ_Blog\ThinkPHP\Library\Think\Model.class.php 第 579 行.
NOTIC: [8] Undefined index: tag_id C:\MyServer\www\YHQ_Blog\Application\Admin\Logic\BlogPostLogic.class.php 第 227 行.
NOTIC: [2] Invalid argument supplied for foreach() C:\MyServer\www\YHQ_Blog\Application\Admin\Logic\BlogPostLogic.class.php 第 227 行.

[ 2018-02-27T17:26:30+08:00 ] 127.0.0.1 /yhq_blog/index.php/test/blog_post/update.html
INFO: [ app_init ] --START--
INFO: Run Behavior\BuildLiteBehavior [ RunTime:0.000012s ]
INFO: [ app_init ] --END-- [ RunTime:0.000515s ]
INFO: [ app_begin ] --START--
INFO: Run Behavior\ReadHtmlCacheBehavior [ RunTime:0.000901s ]
INFO: [ app_begin ] --END-- [ RunTime:0.000979s ]
NOTIC: [8] Undefined index: cat_name C:\MyServer\www\YHQ_Blog\Application\Admin\Controller\BlogPostController.class.php 第 179 行.
NOTIC: [2] array_filter() expects parameter 1 to be array, null given C:\MyServer\www\YHQ_Blog\Application\Admin\Controller\BlogPostController.class.php 第 181 行.
NOTIC: [8] Undefined index: validate C:\MyServer\www\YHQ_Blog\ThinkPHP\Library\Think\Model.class.php 第 1337 行.
NOTIC: [8] Undefined index: auto C:\MyServer\www\YHQ_Blog\ThinkPHP\Library\Think\Model.class.php 第 1267 行.
NOTIC: [2] Illegal offset type in isset or empty C:\MyServer\www\YHQ_Blog\ThinkPHP\Library\Think\Model.class.php 第 579 行.
NOTIC: [2] Illegal offset type in isset or empty C:\MyServer\www\YHQ_Blog\ThinkPHP\Library\Think\Model.class.php 第 579 行.
NOTIC: [8] Undefined index: tag_id C:\MyServer\www\YHQ_Blog\Application\Admin\Logic\BlogPostLogic.class.php 第 227 行.
NOTIC: [2] Invalid argument supplied for foreach() C:\MyServer\www\YHQ_Blog\Application\Admin\Logic\BlogPostLogic.class.php 第 227 行.

[ 2018-02-27T17:28:22+08:00 ] 127.0.0.1 /yhq_blog/index.php/test/blog_post/update.html
INFO: [ app_init ] --START--
INFO: Run Behavior\BuildLiteBehavior [ RunTime:0.000010s ]
INFO: [ app_init ] --END-- [ RunTime:0.000517s ]
INFO: [ app_begin ] --START--
INFO: Run Behavior\ReadHtmlCacheBehavior [ RunTime:0.000765s ]
INFO: [ app_begin ] --END-- [ RunTime:0.000811s ]
NOTIC: [8] Undefined index: cat_name C:\MyServer\www\YHQ_Blog\Application\Admin\Controller\BlogPostController.class.php 第 179 行.
NOTIC: [2] array_filter() expects parameter 1 to be array, null given C:\MyServer\www\YHQ_Blog\Application\Admin\Controller\BlogPostController.class.php 第 181 行.
NOTIC: [8] Undefined index: validate C:\MyServer\www\YHQ_Blog\ThinkPHP\Library\Think\Model.class.php 第 1337 行.
NOTIC: [8] Undefined index: auto C:\MyServer\www\YHQ_Blog\ThinkPHP\Library\Think\Model.class.php 第 1267 行.
NOTIC: [2] Illegal offset type in isset or empty C:\MyServer\www\YHQ_Blog\ThinkPHP\Library\Think\Model.class.php 第 579 行.
NOTIC: [2] Illegal offset type in isset or empty C:\MyServer\www\YHQ_Blog\ThinkPHP\Library\Think\Model.class.php 第 579 行.
NOTIC: [8] Undefined index: tag_id C:\MyServer\www\YHQ_Blog\Application\Admin\Logic\BlogPostLogic.class.php 第 227 行.
NOTIC: [2] Invalid argument supplied for foreach() C:\MyServer\www\YHQ_Blog\Application\Admin\Logic\BlogPostLogic.class.php 第 227 行.

[ 2018-02-27T17:28:53+08:00 ] 127.0.0.1 /yhq_blog/index.php/test/blog_post/update.html
INFO: [ app_init ] --START--
INFO: Run Behavior\BuildLiteBehavior [ RunTime:0.000006s ]
INFO: [ app_init ] --END-- [ RunTime:0.000383s ]
INFO: [ app_begin ] --START--
INFO: Run Behavior\ReadHtmlCacheBehavior [ RunTime:0.000587s ]
INFO: [ app_begin ] --END-- [ RunTime:0.000608s ]
NOTIC: [8] Undefined index: cat_name C:\MyServer\www\YHQ_Blog\Application\Admin\Controller\BlogPostController.class.php 第 179 行.
NOTIC: [2] array_filter() expects parameter 1 to be array, null given C:\MyServer\www\YHQ_Blog\Application\Admin\Controller\BlogPostController.class.php 第 181 行.
NOTIC: [8] Undefined index: validate C:\MyServer\www\YHQ_Blog\ThinkPHP\Library\Think\Model.class.php 第 1337 行.
NOTIC: [8] Undefined index: auto C:\MyServer\www\YHQ_Blog\ThinkPHP\Library\Think\Model.class.php 第 1267 行.
NOTIC: [2] Illegal offset type in isset or empty C:\MyServer\www\YHQ_Blog\ThinkPHP\Library\Think\Model.class.php 第 579 行.
NOTIC: [2] Illegal offset type in isset or empty C:\MyServer\www\YHQ_Blog\ThinkPHP\Library\Think\Model.class.php 第 579 行.
NOTIC: [8] Undefined index: tag_id C:\MyServer\www\YHQ_Blog\Application\Admin\Logic\BlogPostLogic.class.php 第 227 行.
NOTIC: [2] Invalid argument supplied for foreach() C:\MyServer\www\YHQ_Blog\Application\Admin\Logic\BlogPostLogic.class.php 第 227 行.

[ 2018-02-27T17:29:26+08:00 ] 127.0.0.1 /yhq_blog/index.php/test/blog_post/update.html
INFO: [ app_init ] --START--
INFO: Run Behavior\BuildLiteBehavior [ RunTime:0.000009s ]
INFO: [ app_init ] --END-- [ RunTime:0.000556s ]
INFO: [ app_begin ] --START--
INFO: Run Behavior\ReadHtmlCacheBehavior [ RunTime:0.000858s ]
INFO: [ app_begin ] --END-- [ RunTime:0.000882s ]
NOTIC: [8] Undefined index: cat_name C:\MyServer\www\YHQ_Blog\Application\Admin\Controller\BlogPostController.class.php 第 179 行.
NOTIC: [2] array_filter() expects parameter 1 to be array, null given C:\MyServer\www\YHQ_Blog\Application\Admin\Controller\BlogPostController.class.php 第 181 行.
NOTIC: [8] Undefined index: validate C:\MyServer\www\YHQ_Blog\ThinkPHP\Library\Think\Model.class.php 第 1337 行.
NOTIC: [8] Undefined index: auto C:\MyServer\www\YHQ_Blog\ThinkPHP\Library\Think\Model.class.php 第 1267 行.
NOTIC: [2] Illegal offset type in isset or empty C:\MyServer\www\YHQ_Blog\ThinkPHP\Library\Think\Model.class.php 第 579 行.
NOTIC: [2] Illegal offset type in isset or empty C:\MyServer\www\YHQ_Blog\ThinkPHP\Library\Think\Model.class.php 第 579 行.
NOTIC: [8] Undefined index: tag_id C:\MyServer\www\YHQ_Blog\Application\Admin\Logic\BlogPostLogic.class.php 第 227 行.
NOTIC: [2] Invalid argument supplied for foreach() C:\MyServer\www\YHQ_Blog\Application\Admin\Logic\BlogPostLogic.class.php 第 227 行.

[ 2018-02-27T17:34:28+08:00 ] 127.0.0.1 /yhq_blog/index.php/test/blog_post/update.html
INFO: [ app_init ] --START--
INFO: Run Behavior\BuildLiteBehavior [ RunTime:0.000008s ]
INFO: [ app_init ] --END-- [ RunTime:0.000385s ]
INFO: [ app_begin ] --START--
INFO: Run Behavior\ReadHtmlCacheBehavior [ RunTime:0.000620s ]
INFO: [ app_begin ] --END-- [ RunTime:0.000647s ]
NOTIC: [8] Undefined index: cat_name C:\MyServer\www\YHQ_Blog\Application\Admin\Controller\BlogPostController.class.php 第 179 行.
NOTIC: [2] array_filter() expects parameter 1 to be array, null given C:\MyServer\www\YHQ_Blog\Application\Admin\Controller\BlogPostController.class.php 第 181 行.
NOTIC: [8] Undefined index: validate C:\MyServer\www\YHQ_Blog\ThinkPHP\Library\Think\Model.class.php 第 1337 行.
NOTIC: [8] Undefined index: auto C:\MyServer\www\YHQ_Blog\ThinkPHP\Library\Think\Model.class.php 第 1267 行.
NOTIC: [2] Illegal offset type in isset or empty C:\MyServer\www\YHQ_Blog\ThinkPHP\Library\Think\Model.class.php 第 579 行.
NOTIC: [2] Illegal offset type in isset or empty C:\MyServer\www\YHQ_Blog\ThinkPHP\Library\Think\Model.class.php 第 579 行.
NOTIC: [8] Undefined index: tag_id C:\MyServer\www\YHQ_Blog\Application\Admin\Logic\BlogPostLogic.class.php 第 227 行.
NOTIC: [2] Invalid argument supplied for foreach() C:\MyServer\www\YHQ_Blog\Application\Admin\Logic\BlogPostLogic.class.php 第 227 行.

[ 2018-02-27T17:35:33+08:00 ] 127.0.0.1 /yhq_blog/index.php/test/blog_post/update.html
INFO: [ app_init ] --START--
INFO: Run Behavior\BuildLiteBehavior [ RunTime:0.000011s ]
INFO: [ app_init ] --END-- [ RunTime:0.000603s ]
INFO: [ app_begin ] --START--
INFO: Run Behavior\ReadHtmlCacheBehavior [ RunTime:0.001245s ]
INFO: [ app_begin ] --END-- [ RunTime:0.001298s ]
NOTIC: [8] Undefined index: cat_name C:\MyServer\www\YHQ_Blog\Application\Admin\Controller\BlogPostController.class.php 第 179 行.
NOTIC: [2] array_filter() expects parameter 1 to be array, null given C:\MyServer\www\YHQ_Blog\Application\Admin\Controller\BlogPostController.class.php 第 181 行.
NOTIC: [8] Undefined index: validate C:\MyServer\www\YHQ_Blog\ThinkPHP\Library\Think\Model.class.php 第 1337 行.
NOTIC: [8] Undefined index: auto C:\MyServer\www\YHQ_Blog\ThinkPHP\Library\Think\Model.class.php 第 1267 行.
NOTIC: [2] Illegal offset type in isset or empty C:\MyServer\www\YHQ_Blog\ThinkPHP\Library\Think\Model.class.php 第 579 行.
NOTIC: [2] Illegal offset type in isset or empty C:\MyServer\www\YHQ_Blog\ThinkPHP\Library\Think\Model.class.php 第 579 行.
NOTIC: [8] Undefined index: tag_id C:\MyServer\www\YHQ_Blog\Application\Admin\Logic\BlogPostLogic.class.php 第 227 行.
NOTIC: [2] Invalid argument supplied for foreach() C:\MyServer\www\YHQ_Blog\Application\Admin\Logic\BlogPostLogic.class.php 第 227 行.

[ 2018-02-27T17:35:44+08:00 ] 127.0.0.1 /yhq_blog/index.php/test/blog_post/update.html
INFO: [ app_init ] --START--
INFO: Run Behavior\BuildLiteBehavior [ RunTime:0.000012s ]
INFO: [ app_init ] --END-- [ RunTime:0.000572s ]
INFO: [ app_begin ] --START--
INFO: Run Behavior\ReadHtmlCacheBehavior [ RunTime:0.000917s ]
INFO: [ app_begin ] --END-- [ RunTime:0.000978s ]
NOTIC: [8] Undefined index: cat_name C:\MyServer\www\YHQ_Blog\Application\Admin\Controller\BlogPostController.class.php 第 179 行.
NOTIC: [2] array_filter() expects parameter 1 to be array, null given C:\MyServer\www\YHQ_Blog\Application\Admin\Controller\BlogPostController.class.php 第 181 行.
NOTIC: [8] Undefined index: validate C:\MyServer\www\YHQ_Blog\ThinkPHP\Library\Think\Model.class.php 第 1337 行.
NOTIC: [8] Undefined index: auto C:\MyServer\www\YHQ_Blog\ThinkPHP\Library\Think\Model.class.php 第 1267 行.
NOTIC: [2] Illegal offset type in isset or empty C:\MyServer\www\YHQ_Blog\ThinkPHP\Library\Think\Model.class.php 第 579 行.
NOTIC: [2] Illegal offset type in isset or empty C:\MyServer\www\YHQ_Blog\ThinkPHP\Library\Think\Model.class.php 第 579 行.
NOTIC: [8] Undefined index: tag_id C:\MyServer\www\YHQ_Blog\Application\Admin\Logic\BlogPostLogic.class.php 第 227 行.
NOTIC: [2] Invalid argument supplied for foreach() C:\MyServer\www\YHQ_Blog\Application\Admin\Logic\BlogPostLogic.class.php 第 227 行.

[ 2018-02-27T17:58:38+08:00 ] 127.0.0.1 /yhq_blog/index.php/test/blog_post/edit.html?id=73
INFO: [ app_init ] --START--
INFO: Run Behavior\BuildLiteBehavior [ RunTime:0.000009s ]
INFO: [ app_init ] --END-- [ RunTime:0.000502s ]
INFO: [ app_begin ] --START--
INFO: Run Behavior\ReadHtmlCacheBehavior [ RunTime:0.001648s ]
INFO: [ app_begin ] --END-- [ RunTime:0.001710s ]
INFO: [ view_parse ] --START--
NOTIC: [2] file_get_contents(./Template/Admin/Common/page_content.html): failed to open stream: No such file or directory C:\MyServer\www\YHQ_Blog\ThinkPHP\Library\Think\Template.class.php 第 696 行.
INFO: [ template_filter ] --START--
INFO: Run Behavior\ContentReplaceBehavior [ RunTime:0.000297s ]
INFO: [ template_filter ] --END-- [ RunTime:0.000329s ]
INFO: Run Behavior\ParseTemplateBehavior [ RunTime:0.019190s ]
INFO: [ view_parse ] --END-- [ RunTime:0.019269s ]
INFO: [ view_filter ] --START--
INFO: Run Behavior\WriteHtmlCacheBehavior [ RunTime:0.001627s ]
INFO: [ view_filter ] --END-- [ RunTime:0.001700s ]
INFO: [ app_end ] --START--
INFO: Run Behavior\ShowPageTraceBehavior [ RunTime:0.001520s ]
INFO: [ app_end ] --END-- [ RunTime:0.001585s ]

[ 2018-02-27T17:58:39+08:00 ] 127.0.0.1 /yhq_blog/index.php/test/blog_category/getall.html
INFO: [ app_init ] --START--
INFO: Run Behavior\BuildLiteBehavior [ RunTime:0.000011s ]
INFO: [ app_init ] --END-- [ RunTime:0.000577s ]
INFO: [ app_begin ] --START--
INFO: Run Behavior\ReadHtmlCacheBehavior [ RunTime:0.000995s ]
INFO: [ app_begin ] --END-- [ RunTime:0.001049s ]

[ 2018-02-27T17:58:39+08:00 ] 127.0.0.1 /yhq_blog/index.php/test/blog_tag/getall.html
INFO: [ app_init ] --START--
INFO: Run Behavior\BuildLiteBehavior [ RunTime:0.000010s ]
INFO: [ app_init ] --END-- [ RunTime:0.000737s ]
INFO: [ app_begin ] --START--
INFO: Run Behavior\ReadHtmlCacheBehavior [ RunTime:0.001977s ]
INFO: [ app_begin ] --END-- [ RunTime:0.002076s ]

[ 2018-02-27T17:58:39+08:00 ] 127.0.0.1 /yhq_blog/index.php/test/blog_post/getitembyid.html
INFO: [ app_init ] --START--
INFO: Run Behavior\BuildLiteBehavior [ RunTime:0.000024s ]
INFO: [ app_init ] --END-- [ RunTime:0.000750s ]
INFO: [ app_begin ] --START--
INFO: Run Behavior\ReadHtmlCacheBehavior [ RunTime:0.000847s ]
INFO: [ app_begin ] --END-- [ RunTime:0.000900s ]

[ 2018-02-27T17:58:53+08:00 ] 127.0.0.1 /yhq_blog/index.php/test/comment_post/index.html
INFO: [ app_init ] --START--
INFO: Run Behavior\BuildLiteBehavior [ RunTime:0.000008s ]
INFO: [ app_init ] --END-- [ RunTime:0.000406s ]
INFO: [ app_begin ] --START--
INFO: Run Behavior\ReadHtmlCacheBehavior [ RunTime:0.000785s ]
INFO: [ app_begin ] --END-- [ RunTime:0.000819s ]
INFO: [ view_parse ] --START--
NOTIC: [2] file_get_contents(./Template/Admin/Common/page_content.html): failed to open stream: No such file or directory C:\MyServer\www\YHQ_Blog\ThinkPHP\Library\Think\Template.class.php 第 696 行.
INFO: [ template_filter ] --START--
INFO: Run Behavior\ContentReplaceBehavior [ RunTime:0.000321s ]
INFO: [ template_filter ] --END-- [ RunTime:0.000388s ]
INFO: Run Behavior\ParseTemplateBehavior [ RunTime:0.020494s ]
INFO: [ view_parse ] --END-- [ RunTime:0.020550s ]
INFO: [ view_filter ] --START--
INFO: Run Behavior\WriteHtmlCacheBehavior [ RunTime:0.001148s ]
INFO: [ view_filter ] --END-- [ RunTime:0.001193s ]
INFO: [ app_end ] --START--
INFO: Run Behavior\ShowPageTraceBehavior [ RunTime:0.001752s ]
INFO: [ app_end ] --END-- [ RunTime:0.001813s ]

[ 2018-02-27T17:58:53+08:00 ] 127.0.0.1 /yhq_blog/index.php/test/comment_post/getlist.html
INFO: [ app_init ] --START--
INFO: Run Behavior\BuildLiteBehavior [ RunTime:0.000010s ]
INFO: [ app_init ] --END-- [ RunTime:0.000496s ]
INFO: [ app_begin ] --START--
INFO: Run Behavior\ReadHtmlCacheBehavior [ RunTime:0.000825s ]
INFO: [ app_begin ] --END-- [ RunTime:0.000871s ]

[ 2018-02-27T17:58:53+08:00 ] 127.0.0.1 /yhq_blog/index.php/test/comment_site/getall.html
INFO: [ app_init ] --START--
INFO: Run Behavior\BuildLiteBehavior [ RunTime:0.000013s ]
INFO: [ app_init ] --END-- [ RunTime:0.000666s ]
INFO: [ app_begin ] --START--
INFO: Run Behavior\ReadHtmlCacheBehavior [ RunTime:0.001106s ]
INFO: [ app_begin ] --END-- [ RunTime:0.001162s ]

[ 2018-02-27T17:58:54+08:00 ] 127.0.0.1 /yhq_blog/index.php/test/comment_site/index.html
INFO: [ app_init ] --START--
INFO: Run Behavior\BuildLiteBehavior [ RunTime:0.000009s ]
INFO: [ app_init ] --END-- [ RunTime:0.000530s ]
INFO: [ app_begin ] --START--
INFO: Run Behavior\ReadHtmlCacheBehavior [ RunTime:0.000620s ]
INFO: [ app_begin ] --END-- [ RunTime:0.000651s ]
INFO: [ view_parse ] --START--
NOTIC: [2] file_get_contents(./Template/Admin/Common/page_content.html): failed to open stream: No such file or directory C:\MyServer\www\YHQ_Blog\ThinkPHP\Library\Think\Template.class.php 第 696 行.
INFO: [ template_filter ] --START--
INFO: Run Behavior\ContentReplaceBehavior [ RunTime:0.000229s ]
INFO: [ template_filter ] --END-- [ RunTime:0.000260s ]
INFO: Run Behavior\ParseTemplateBehavior [ RunTime:0.013309s ]
INFO: [ view_parse ] --END-- [ RunTime:0.013357s ]
INFO: [ view_filter ] --START--
INFO: Run Behavior\WriteHtmlCacheBehavior [ RunTime:0.000698s ]
INFO: [ view_filter ] --END-- [ RunTime:0.000735s ]
INFO: [ app_end ] --START--
INFO: Run Behavior\ShowPageTraceBehavior [ RunTime:0.001044s ]
INFO: [ app_end ] --END-- [ RunTime:0.001117s ]

[ 2018-02-27T17:58:55+08:00 ] 127.0.0.1 /yhq_blog/index.php/test/comment_site/getlist.html
INFO: [ app_init ] --START--
INFO: Run Behavior\BuildLiteBehavior [ RunTime:0.000011s ]
INFO: [ app_init ] --END-- [ RunTime:0.000590s ]
INFO: [ app_begin ] --START--
INFO: Run Behavior\ReadHtmlCacheBehavior [ RunTime:0.001187s ]
INFO: [ app_begin ] --END-- [ RunTime:0.001288s ]
NOTIC: [8] Undefined index: start C:\MyServer\www\YHQ_Blog\Application\Admin\Controller\CommentSiteController.class.php 第 15 行.
NOTIC: [8] Undefined index: length C:\MyServer\www\YHQ_Blog\Application\Admin\Controller\CommentSiteController.class.php 第 15 行.
NOTIC: [8] Undefined index: columns C:\MyServer\www\YHQ_Blog\Application\Admin\Controller\CommentSiteController.class.php 第 18 行.
NOTIC: [2] Invalid argument supplied for foreach() C:\MyServer\www\YHQ_Blog\Application\Admin\Controller\CommentSiteController.class.php 第 18 行.
NOTIC: [8] Undefined index: order C:\MyServer\www\YHQ_Blog\Application\Admin\Controller\CommentSiteController.class.php 第 23 行.
NOTIC: [2] Invalid argument supplied for foreach() C:\MyServer\www\YHQ_Blog\Application\Admin\Controller\CommentSiteController.class.php 第 23 行.

[ 2018-02-27T17:58:59+08:00 ] 127.0.0.1 /yhq_blog/index.php/test/comment_post/getlist.html
INFO: [ app_init ] --START--
INFO: Run Behavior\BuildLiteBehavior [ RunTime:0.000012s ]
INFO: [ app_init ] --END-- [ RunTime:0.000739s ]
INFO: [ app_begin ] --START--
INFO: Run Behavior\ReadHtmlCacheBehavior [ RunTime:0.000910s ]
INFO: [ app_begin ] --END-- [ RunTime:0.000957s ]

[ 2018-02-27T17:58:59+08:00 ] 127.0.0.1 /yhq_blog/index.php/test/comment_site/getall.html
INFO: [ app_init ] --START--
INFO: Run Behavior\BuildLiteBehavior [ RunTime:0.000011s ]
INFO: [ app_init ] --END-- [ RunTime:0.000628s ]
INFO: [ app_begin ] --START--
INFO: Run Behavior\ReadHtmlCacheBehavior [ RunTime:0.000987s ]
INFO: [ app_begin ] --END-- [ RunTime:0.001039s ]

[ 2018-02-27T20:33:20+08:00 ] 127.0.0.1 /yhq_blog/index.php/test/comment_post/index.html
INFO: [ app_init ] --START--
INFO: Run Behavior\BuildLiteBehavior [ RunTime:0.000018s ]
INFO: [ app_init ] --END-- [ RunTime:0.001005s ]
INFO: [ app_begin ] --START--
INFO: Run Behavior\ReadHtmlCacheBehavior [ RunTime:0.003603s ]
INFO: [ app_begin ] --END-- [ RunTime:0.003668s ]
INFO: [ view_parse ] --START--
NOTIC: [2] file_get_contents(./Template/Admin/Common/page_content.html): failed to open stream: No such file or directory C:\MyServer\www\YHQ_Blog\ThinkPHP\Library\Think\Template.class.php 第 696 行.
INFO: [ template_filter ] --START--
INFO: Run Behavior\ContentReplaceBehavior [ RunTime:0.000452s ]
INFO: [ template_filter ] --END-- [ RunTime:0.000510s ]
INFO: Run Behavior\ParseTemplateBehavior [ RunTime:0.043635s ]
INFO: [ view_parse ] --END-- [ RunTime:0.043690s ]
INFO: [ view_filter ] --START--
INFO: Run Behavior\WriteHtmlCacheBehavior [ RunTime:0.000997s ]
INFO: [ view_filter ] --END-- [ RunTime:0.001037s ]
INFO: [ app_end ] --START--
INFO: Run Behavior\ShowPageTraceBehavior [ RunTime:0.001614s ]
INFO: [ app_end ] --END-- [ RunTime:0.001665s ]

[ 2018-02-27T20:33:21+08:00 ] 127.0.0.1 /yhq_blog/index.php/test/comment_post/getlist.html
INFO: [ app_init ] --START--
INFO: Run Behavior\BuildLiteBehavior [ RunTime:0.000013s ]
INFO: [ app_init ] --END-- [ RunTime:0.000802s ]
INFO: [ app_begin ] --START--
INFO: Run Behavior\ReadHtmlCacheBehavior [ RunTime:0.000986s ]
INFO: [ app_begin ] --END-- [ RunTime:0.001036s ]

[ 2018-02-27T20:33:22+08:00 ] 127.0.0.1 /yhq_blog/index.php/test/comment_site/getall.html
INFO: [ app_init ] --START--
INFO: Run Behavior\BuildLiteBehavior [ RunTime:0.000013s ]
INFO: [ app_init ] --END-- [ RunTime:0.003004s ]
INFO: [ app_begin ] --START--
INFO: Run Behavior\ReadHtmlCacheBehavior [ RunTime:0.003406s ]
INFO: [ app_begin ] --END-- [ RunTime:0.003488s ]

