[ 2018-02-26T12:00:40+08:00 ] 127.0.0.1 /yhq_blog/index.php/blog/index/detail/id/69.html
INFO: [ app_init ] --START--
INFO: Run Behavior\BuildLiteBehavior [ RunTime:0.000011s ]
INFO: [ app_init ] --END-- [ RunTime:0.001222s ]
INFO: [ app_begin ] --START--
INFO: Run Behavior\ReadHtmlCacheBehavior [ RunTime:0.002053s ]
INFO: [ app_begin ] --END-- [ RunTime:0.002110s ]
INFO: [ view_parse ] --START--
INFO: [ template_filter ] --START--
INFO: Run Behavior\ContentReplaceBehavior [ RunTime:0.000159s ]
INFO: [ template_filter ] --END-- [ RunTime:0.000211s ]
NOTIC: [8] Undefined variable: article_list C:\MyServer\www\YHQ_Blog\Application\Runtime\Cache\Blog\d5b06395eec4c7a1701179bebc64ecde.php 第 297 行.
INFO: Run Behavior\ParseTemplateBehavior [ RunTime:0.086673s ]
INFO: [ view_parse ] --END-- [ RunTime:0.086744s ]
INFO: [ view_filter ] --START--
INFO: Run Behavior\WriteHtmlCacheBehavior [ RunTime:0.002855s ]
INFO: [ view_filter ] --END-- [ RunTime:0.002902s ]
INFO: [ app_end ] --START--
INFO: Run Behavior\ShowPageTraceBehavior [ RunTime:0.002012s ]
INFO: [ app_end ] --END-- [ RunTime:0.002079s ]

[ 2018-02-26T12:04:08+08:00 ] 127.0.0.1 /yhq_blog/index.php/blog/index/detail/id/69.html
INFO: [ app_init ] --START--
INFO: Run Behavior\BuildLiteBehavior [ RunTime:0.000013s ]
INFO: [ app_init ] --END-- [ RunTime:0.000826s ]
INFO: [ app_begin ] --START--
INFO: Run Behavior\ReadHtmlCacheBehavior [ RunTime:0.002133s ]
INFO: [ app_begin ] --END-- [ RunTime:0.002190s ]
INFO: [ view_parse ] --START--
INFO: [ template_filter ] --START--
INFO: Run Behavior\ContentReplaceBehavior [ RunTime:0.000167s ]
INFO: [ template_filter ] --END-- [ RunTime:0.000215s ]
NOTIC: [8] Undefined variable: article_list C:\MyServer\www\YHQ_Blog\Application\Runtime\Cache\Blog\d5b06395eec4c7a1701179bebc64ecde.php 第 297 行.
INFO: Run Behavior\ParseTemplateBehavior [ RunTime:0.013587s ]
INFO: [ view_parse ] --END-- [ RunTime:0.013630s ]
INFO: [ view_filter ] --START--
INFO: Run Behavior\WriteHtmlCacheBehavior [ RunTime:0.001258s ]
INFO: [ view_filter ] --END-- [ RunTime:0.001310s ]
INFO: [ app_end ] --START--
INFO: Run Behavior\ShowPageTraceBehavior [ RunTime:0.001807s ]
INFO: [ app_end ] --END-- [ RunTime:0.001977s ]

[ 2018-02-26T12:04:17+08:00 ] 127.0.0.1 /yhq_blog/index.php/blog/index/ajaxdetail.html?id=69
INFO: [ app_init ] --START--
INFO: Run Behavior\BuildLiteBehavior [ RunTime:0.000010s ]
INFO: [ app_init ] --END-- [ RunTime:0.000565s ]
INFO: [ app_begin ] --START--
INFO: Run Behavior\ReadHtmlCacheBehavior [ RunTime:0.000929s ]
INFO: [ app_begin ] --END-- [ RunTime:0.000972s ]

[ 2018-02-26T12:17:16+08:00 ] 127.0.0.1 /YHQ_Blog/index.php/
INFO: [ app_init ] --START--
INFO: Run Behavior\BuildLiteBehavior [ RunTime:0.000018s ]
INFO: [ app_init ] --END-- [ RunTime:0.001454s ]
INFO: [ app_begin ] --START--
INFO: Run Behavior\ReadHtmlCacheBehavior [ RunTime:0.001394s ]
INFO: [ app_begin ] --END-- [ RunTime:0.001436s ]
ERR: 1146:Table 'yhq_blog.yhq_post' doesn't exist
 [ SQL语句 ] : SHOW COLUMNS FROM `yhq_post`
INFO: [ view_parse ] --START--
INFO: [ template_filter ] --START--
INFO: Run Behavior\ContentReplaceBehavior [ RunTime:0.000101s ]
INFO: [ template_filter ] --END-- [ RunTime:0.000140s ]
NOTIC: [2] Use of undefined constant default_keyword - assumed 'default_keyword' (this will throw an Error in a future version of PHP) C:\MyServer\www\YHQ_Blog\Application\Runtime\Cache\Blog\83369e50c8cbc00f8d058189a37c7eeb.php 第 155 行.
INFO: Run Behavior\ParseTemplateBehavior [ RunTime:0.015330s ]
INFO: [ view_parse ] --END-- [ RunTime:0.015382s ]
INFO: [ view_filter ] --START--
INFO: Run Behavior\WriteHtmlCacheBehavior [ RunTime:0.001382s ]
INFO: [ view_filter ] --END-- [ RunTime:0.001451s ]
INFO: [ app_end ] --START--
INFO: Run Behavior\ShowPageTraceBehavior [ RunTime:0.001833s ]
INFO: [ app_end ] --END-- [ RunTime:0.001885s ]

[ 2018-02-26T12:17:25+08:00 ] 127.0.0.1 /yhq_blog/index.php/blog/index/detail/id/70.html
INFO: [ app_init ] --START--
INFO: Run Behavior\BuildLiteBehavior [ RunTime:0.000009s ]
INFO: [ app_init ] --END-- [ RunTime:0.000441s ]
INFO: [ app_begin ] --START--
INFO: Run Behavior\ReadHtmlCacheBehavior [ RunTime:0.000725s ]
INFO: [ app_begin ] --END-- [ RunTime:0.000765s ]
INFO: [ view_parse ] --START--
INFO: [ template_filter ] --START--
INFO: Run Behavior\ContentReplaceBehavior [ RunTime:0.000123s ]
INFO: [ template_filter ] --END-- [ RunTime:0.000154s ]
NOTIC: [8] Undefined variable: article_list C:\MyServer\www\YHQ_Blog\Application\Runtime\Cache\Blog\d5b06395eec4c7a1701179bebc64ecde.php 第 297 行.
INFO: Run Behavior\ParseTemplateBehavior [ RunTime:0.007621s ]
INFO: [ view_parse ] --END-- [ RunTime:0.007656s ]
INFO: [ view_filter ] --START--
INFO: Run Behavior\WriteHtmlCacheBehavior [ RunTime:0.000623s ]
INFO: [ view_filter ] --END-- [ RunTime:0.000657s ]
INFO: [ app_end ] --START--
INFO: Run Behavior\ShowPageTraceBehavior [ RunTime:0.003832s ]
INFO: [ app_end ] --END-- [ RunTime:0.006855s ]

[ 2018-02-26T12:17:26+08:00 ] 127.0.0.1 /yhq_blog/index.php/blog/index/ajaxdetail.html?id=70
INFO: [ app_init ] --START--
INFO: Run Behavior\BuildLiteBehavior [ RunTime:0.000017s ]
INFO: [ app_init ] --END-- [ RunTime:0.000793s ]
INFO: [ app_begin ] --START--
INFO: Run Behavior\ReadHtmlCacheBehavior [ RunTime:0.001157s ]
INFO: [ app_begin ] --END-- [ RunTime:0.001219s ]

[ 2018-02-26T12:17:28+08:00 ] 127.0.0.1 /yhq_blog/index.php/blog/index/detail/id/68.html
INFO: [ app_init ] --START--
INFO: Run Behavior\BuildLiteBehavior [ RunTime:0.000008s ]
INFO: [ app_init ] --END-- [ RunTime:0.000351s ]
INFO: [ app_begin ] --START--
INFO: Run Behavior\ReadHtmlCacheBehavior [ RunTime:0.000556s ]
INFO: [ app_begin ] --END-- [ RunTime:0.000578s ]
INFO: [ view_parse ] --START--
INFO: [ template_filter ] --START--
INFO: Run Behavior\ContentReplaceBehavior [ RunTime:0.000153s ]
INFO: [ template_filter ] --END-- [ RunTime:0.000212s ]
NOTIC: [8] Undefined variable: article_list C:\MyServer\www\YHQ_Blog\Application\Runtime\Cache\Blog\d5b06395eec4c7a1701179bebc64ecde.php 第 297 行.
INFO: Run Behavior\ParseTemplateBehavior [ RunTime:0.009063s ]
INFO: [ view_parse ] --END-- [ RunTime:0.009115s ]
INFO: [ view_filter ] --START--
INFO: Run Behavior\WriteHtmlCacheBehavior [ RunTime:0.001008s ]
INFO: [ view_filter ] --END-- [ RunTime:0.001057s ]
INFO: [ app_end ] --START--
INFO: Run Behavior\ShowPageTraceBehavior [ RunTime:0.001608s ]
INFO: [ app_end ] --END-- [ RunTime:0.001723s ]

[ 2018-02-26T12:17:28+08:00 ] 127.0.0.1 /yhq_blog/index.php/blog/index/ajaxdetail.html?id=68
INFO: [ app_init ] --START--
INFO: Run Behavior\BuildLiteBehavior [ RunTime:0.000014s ]
INFO: [ app_init ] --END-- [ RunTime:0.000744s ]
INFO: [ app_begin ] --START--
INFO: Run Behavior\ReadHtmlCacheBehavior [ RunTime:0.000903s ]
INFO: [ app_begin ] --END-- [ RunTime:0.000953s ]

[ 2018-02-26T12:17:31+08:00 ] 127.0.0.1 /yhq_blog/index.php/blog/index/detail/id/69.html
INFO: [ app_init ] --START--
INFO: Run Behavior\BuildLiteBehavior [ RunTime:0.000013s ]
INFO: [ app_init ] --END-- [ RunTime:0.000626s ]
INFO: [ app_begin ] --START--
INFO: Run Behavior\ReadHtmlCacheBehavior [ RunTime:0.000995s ]
INFO: [ app_begin ] --END-- [ RunTime:0.001053s ]
INFO: [ view_parse ] --START--
INFO: [ template_filter ] --START--
INFO: Run Behavior\ContentReplaceBehavior [ RunTime:0.000163s ]
INFO: [ template_filter ] --END-- [ RunTime:0.000235s ]
NOTIC: [8] Undefined variable: article_list C:\MyServer\www\YHQ_Blog\Application\Runtime\Cache\Blog\d5b06395eec4c7a1701179bebc64ecde.php 第 297 行.
INFO: Run Behavior\ParseTemplateBehavior [ RunTime:0.010994s ]
INFO: [ view_parse ] --END-- [ RunTime:0.011041s ]
INFO: [ view_filter ] --START--
INFO: Run Behavior\WriteHtmlCacheBehavior [ RunTime:0.000602s ]
INFO: [ view_filter ] --END-- [ RunTime:0.000635s ]
INFO: [ app_end ] --START--
INFO: Run Behavior\ShowPageTraceBehavior [ RunTime:0.001074s ]
INFO: [ app_end ] --END-- [ RunTime:0.001141s ]

[ 2018-02-26T12:17:31+08:00 ] 127.0.0.1 /yhq_blog/index.php/blog/index/ajaxdetail.html?id=69
INFO: [ app_init ] --START--
INFO: Run Behavior\BuildLiteBehavior [ RunTime:0.000014s ]
INFO: [ app_init ] --END-- [ RunTime:0.000732s ]
INFO: [ app_begin ] --START--
INFO: Run Behavior\ReadHtmlCacheBehavior [ RunTime:0.000944s ]
INFO: [ app_begin ] --END-- [ RunTime:0.000995s ]

[ 2018-02-26T12:28:14+08:00 ] 127.0.0.1 /yhq_blog/index.php/blog/index/detail/id/69.html
INFO: [ app_init ] --START--
INFO: Run Behavior\BuildLiteBehavior [ RunTime:0.000009s ]
INFO: [ app_init ] --END-- [ RunTime:0.000616s ]
INFO: [ app_begin ] --START--
INFO: Run Behavior\ReadHtmlCacheBehavior [ RunTime:0.001524s ]
INFO: [ app_begin ] --END-- [ RunTime:0.001584s ]
INFO: [ view_parse ] --START--
INFO: [ template_filter ] --START--
INFO: Run Behavior\ContentReplaceBehavior [ RunTime:0.000127s ]
INFO: [ template_filter ] --END-- [ RunTime:0.000163s ]
NOTIC: [8] Undefined variable: article_list C:\MyServer\www\YHQ_Blog\Application\Runtime\Cache\Blog\d5b06395eec4c7a1701179bebc64ecde.php 第 297 行.
INFO: Run Behavior\ParseTemplateBehavior [ RunTime:0.013977s ]
INFO: [ view_parse ] --END-- [ RunTime:0.014028s ]
INFO: [ view_filter ] --START--
INFO: Run Behavior\WriteHtmlCacheBehavior [ RunTime:0.000934s ]
INFO: [ view_filter ] --END-- [ RunTime:0.000979s ]
INFO: [ app_end ] --START--
INFO: Run Behavior\ShowPageTraceBehavior [ RunTime:0.012080s ]
INFO: [ app_end ] --END-- [ RunTime:0.012169s ]

[ 2018-02-26T12:28:15+08:00 ] 127.0.0.1 /yhq_blog/index.php/blog/index/ajaxdetail.html?id=69
INFO: [ app_init ] --START--
INFO: Run Behavior\BuildLiteBehavior [ RunTime:0.000027s ]
INFO: [ app_init ] --END-- [ RunTime:0.001064s ]
INFO: [ app_begin ] --START--
INFO: Run Behavior\ReadHtmlCacheBehavior [ RunTime:0.001320s ]
INFO: [ app_begin ] --END-- [ RunTime:0.001375s ]

[ 2018-02-26T12:42:14+08:00 ] 127.0.0.1 /yhq_blog/index.php/blog/index/detail/id/69.html
INFO: [ app_init ] --START--
INFO: Run Behavior\BuildLiteBehavior [ RunTime:0.000013s ]
INFO: [ app_init ] --END-- [ RunTime:0.000739s ]
INFO: [ app_begin ] --START--
INFO: Run Behavior\ReadHtmlCacheBehavior [ RunTime:0.001166s ]
INFO: [ app_begin ] --END-- [ RunTime:0.001216s ]
INFO: [ view_parse ] --START--
INFO: [ template_filter ] --START--
INFO: Run Behavior\ContentReplaceBehavior [ RunTime:0.000159s ]
INFO: [ template_filter ] --END-- [ RunTime:0.000209s ]
NOTIC: [8] Undefined variable: article_list C:\MyServer\www\YHQ_Blog\Application\Runtime\Cache\Blog\d5b06395eec4c7a1701179bebc64ecde.php 第 297 行.
INFO: Run Behavior\ParseTemplateBehavior [ RunTime:0.091449s ]
INFO: [ view_parse ] --END-- [ RunTime:0.091503s ]
INFO: [ view_filter ] --START--
INFO: Run Behavior\WriteHtmlCacheBehavior [ RunTime:0.001133s ]
INFO: [ view_filter ] --END-- [ RunTime:0.001179s ]
INFO: [ app_end ] --START--
INFO: Run Behavior\ShowPageTraceBehavior [ RunTime:0.001413s ]
INFO: [ app_end ] --END-- [ RunTime:0.001481s ]

[ 2018-02-26T12:42:15+08:00 ] 127.0.0.1 /yhq_blog/index.php/blog/index/ajaxdetail.html?id=69
INFO: [ app_init ] --START--
INFO: Run Behavior\BuildLiteBehavior [ RunTime:0.000011s ]
INFO: [ app_init ] --END-- [ RunTime:0.000564s ]
INFO: [ app_begin ] --START--
INFO: Run Behavior\ReadHtmlCacheBehavior [ RunTime:0.000929s ]
INFO: [ app_begin ] --END-- [ RunTime:0.000977s ]

[ 2018-02-26T23:34:44+08:00 ] 127.0.0.1 /YHQ_Blog/index.php/
INFO: [ app_init ] --START--
INFO: Run Behavior\BuildLiteBehavior [ RunTime:0.000029s ]
INFO: [ app_init ] --END-- [ RunTime:0.004879s ]
INFO: [ app_begin ] --START--
INFO: Run Behavior\ReadHtmlCacheBehavior [ RunTime:0.004482s ]
INFO: [ app_begin ] --END-- [ RunTime:0.004580s ]
ERR: 1146:Table 'yhq_blog.yhq_post' doesn't exist
 [ SQL语句 ] : SHOW COLUMNS FROM `yhq_post`
INFO: [ view_parse ] --START--
INFO: [ template_filter ] --START--
INFO: Run Behavior\ContentReplaceBehavior [ RunTime:0.000082s ]
INFO: [ template_filter ] --END-- [ RunTime:0.000132s ]
NOTIC: [2] Use of undefined constant default_keyword - assumed 'default_keyword' (this will throw an Error in a future version of PHP) C:\MyServer\www\YHQ_Blog\Application\Runtime\Cache\Blog\83369e50c8cbc00f8d058189a37c7eeb.php 第 155 行.
INFO: Run Behavior\ParseTemplateBehavior [ RunTime:0.032584s ]
INFO: [ view_parse ] --END-- [ RunTime:0.032654s ]
INFO: [ view_filter ] --START--
INFO: Run Behavior\WriteHtmlCacheBehavior [ RunTime:0.002169s ]
INFO: [ view_filter ] --END-- [ RunTime:0.002219s ]
INFO: [ app_end ] --START--
INFO: Run Behavior\ShowPageTraceBehavior [ RunTime:0.004118s ]
INFO: [ app_end ] --END-- [ RunTime:0.004187s ]

[ 2018-02-26T23:34:46+08:00 ] 127.0.0.1 /yhq_blog/index.php/blog/index/detail/id/68.html
INFO: [ app_init ] --START--
INFO: Run Behavior\BuildLiteBehavior [ RunTime:0.000061s ]
INFO: [ app_init ] --END-- [ RunTime:0.001412s ]
INFO: [ app_begin ] --START--
INFO: Run Behavior\ReadHtmlCacheBehavior [ RunTime:0.001741s ]
INFO: [ app_begin ] --END-- [ RunTime:0.001840s ]
INFO: [ view_parse ] --START--
INFO: [ template_filter ] --START--
INFO: Run Behavior\ContentReplaceBehavior [ RunTime:0.000291s ]
INFO: [ template_filter ] --END-- [ RunTime:0.000463s ]
NOTIC: [8] Undefined variable: article_list C:\MyServer\www\YHQ_Blog\Application\Runtime\Cache\Blog\d5b06395eec4c7a1701179bebc64ecde.php 第 297 行.
INFO: Run Behavior\ParseTemplateBehavior [ RunTime:0.017339s ]
INFO: [ view_parse ] --END-- [ RunTime:0.017395s ]
INFO: [ view_filter ] --START--
INFO: Run Behavior\WriteHtmlCacheBehavior [ RunTime:0.000885s ]
INFO: [ view_filter ] --END-- [ RunTime:0.000932s ]
INFO: [ app_end ] --START--
INFO: Run Behavior\ShowPageTraceBehavior [ RunTime:0.002172s ]
INFO: [ app_end ] --END-- [ RunTime:0.002366s ]

[ 2018-02-26T23:34:47+08:00 ] 127.0.0.1 /yhq_blog/index.php/blog/index/ajaxdetail.html?id=68
INFO: [ app_init ] --START--
INFO: Run Behavior\BuildLiteBehavior [ RunTime:0.000015s ]
INFO: [ app_init ] --END-- [ RunTime:0.000773s ]
INFO: [ app_begin ] --START--
INFO: Run Behavior\ReadHtmlCacheBehavior [ RunTime:0.001671s ]
INFO: [ app_begin ] --END-- [ RunTime:0.001757s ]

[ 2018-02-26T23:34:56+08:00 ] 127.0.0.1 /yhq_blog/index.php/blog/index/index/tag/1.html
INFO: [ app_init ] --START--
INFO: Run Behavior\BuildLiteBehavior [ RunTime:0.000013s ]
INFO: [ app_init ] --END-- [ RunTime:0.001026s ]
INFO: [ app_begin ] --START--
INFO: Run Behavior\ReadHtmlCacheBehavior [ RunTime:0.002233s ]
INFO: [ app_begin ] --END-- [ RunTime:0.002332s ]
ERR: 1146:Table 'yhq_blog.yhq_post' doesn't exist
 [ SQL语句 ] : SHOW COLUMNS FROM `yhq_post`
INFO: [ view_parse ] --START--
INFO: [ template_filter ] --START--
INFO: Run Behavior\ContentReplaceBehavior [ RunTime:0.000081s ]
INFO: [ template_filter ] --END-- [ RunTime:0.000137s ]
NOTIC: [2] Use of undefined constant default_keyword - assumed 'default_keyword' (this will throw an Error in a future version of PHP) C:\MyServer\www\YHQ_Blog\Application\Runtime\Cache\Blog\83369e50c8cbc00f8d058189a37c7eeb.php 第 155 行.
INFO: Run Behavior\ParseTemplateBehavior [ RunTime:0.017965s ]
INFO: [ view_parse ] --END-- [ RunTime:0.018018s ]
INFO: [ view_filter ] --START--
INFO: Run Behavior\WriteHtmlCacheBehavior [ RunTime:0.000968s ]
INFO: [ view_filter ] --END-- [ RunTime:0.001008s ]
INFO: [ app_end ] --START--
INFO: Run Behavior\ShowPageTraceBehavior [ RunTime:0.002095s ]
INFO: [ app_end ] --END-- [ RunTime:0.002258s ]

[ 2018-02-26T23:34:58+08:00 ] 127.0.0.1 /yhq_blog/index.php/blog/index/index/tag/3.html
INFO: [ app_init ] --START--
INFO: Run Behavior\BuildLiteBehavior [ RunTime:0.000011s ]
INFO: [ app_init ] --END-- [ RunTime:0.000586s ]
INFO: [ app_begin ] --START--
INFO: Run Behavior\ReadHtmlCacheBehavior [ RunTime:0.001207s ]
INFO: [ app_begin ] --END-- [ RunTime:0.001272s ]
ERR: 1146:Table 'yhq_blog.yhq_post' doesn't exist
 [ SQL语句 ] : SHOW COLUMNS FROM `yhq_post`
INFO: [ view_parse ] --START--
INFO: [ template_filter ] --START--
INFO: Run Behavior\ContentReplaceBehavior [ RunTime:0.000083s ]
INFO: [ template_filter ] --END-- [ RunTime:0.000136s ]
NOTIC: [2] Use of undefined constant default_keyword - assumed 'default_keyword' (this will throw an Error in a future version of PHP) C:\MyServer\www\YHQ_Blog\Application\Runtime\Cache\Blog\83369e50c8cbc00f8d058189a37c7eeb.php 第 155 行.
INFO: Run Behavior\ParseTemplateBehavior [ RunTime:0.013834s ]
INFO: [ view_parse ] --END-- [ RunTime:0.013877s ]
INFO: [ view_filter ] --START--
INFO: Run Behavior\WriteHtmlCacheBehavior [ RunTime:0.000556s ]
INFO: [ view_filter ] --END-- [ RunTime:0.000586s ]
INFO: [ app_end ] --START--
INFO: Run Behavior\ShowPageTraceBehavior [ RunTime:0.000954s ]
INFO: [ app_end ] --END-- [ RunTime:0.000999s ]

[ 2018-02-26T23:35:00+08:00 ] 127.0.0.1 /yhq_blog/index.php/blog/index/index/tag/1.html
INFO: [ app_init ] --START--
INFO: Run Behavior\BuildLiteBehavior [ RunTime:0.000022s ]
INFO: [ app_init ] --END-- [ RunTime:0.000882s ]
INFO: [ app_begin ] --START--
INFO: Run Behavior\ReadHtmlCacheBehavior [ RunTime:0.001091s ]
INFO: [ app_begin ] --END-- [ RunTime:0.001177s ]
ERR: 1146:Table 'yhq_blog.yhq_post' doesn't exist
 [ SQL语句 ] : SHOW COLUMNS FROM `yhq_post`
INFO: [ view_parse ] --START--
INFO: [ template_filter ] --START--
INFO: Run Behavior\ContentReplaceBehavior [ RunTime:0.000111s ]
INFO: [ template_filter ] --END-- [ RunTime:0.000162s ]
NOTIC: [2] Use of undefined constant default_keyword - assumed 'default_keyword' (this will throw an Error in a future version of PHP) C:\MyServer\www\YHQ_Blog\Application\Runtime\Cache\Blog\83369e50c8cbc00f8d058189a37c7eeb.php 第 155 行.
INFO: Run Behavior\ParseTemplateBehavior [ RunTime:0.015430s ]
INFO: [ view_parse ] --END-- [ RunTime:0.015478s ]
INFO: [ view_filter ] --START--
INFO: Run Behavior\WriteHtmlCacheBehavior [ RunTime:0.000678s ]
INFO: [ view_filter ] --END-- [ RunTime:0.000796s ]
INFO: [ app_end ] --START--
INFO: Run Behavior\ShowPageTraceBehavior [ RunTime:0.001448s ]
INFO: [ app_end ] --END-- [ RunTime:0.001596s ]

[ 2018-02-26T23:35:01+08:00 ] 127.0.0.1 /yhq_blog/index.php/blog/index/index/cat/1.html
INFO: [ app_init ] --START--
INFO: Run Behavior\BuildLiteBehavior [ RunTime:0.000031s ]
INFO: [ app_init ] --END-- [ RunTime:0.000892s ]
INFO: [ app_begin ] --START--
INFO: Run Behavior\ReadHtmlCacheBehavior [ RunTime:0.001192s ]
INFO: [ app_begin ] --END-- [ RunTime:0.001256s ]
ERR: 1146:Table 'yhq_blog.yhq_post' doesn't exist
 [ SQL语句 ] : SHOW COLUMNS FROM `yhq_post`
INFO: [ view_parse ] --START--
INFO: [ template_filter ] --START--
INFO: Run Behavior\ContentReplaceBehavior [ RunTime:0.000080s ]
INFO: [ template_filter ] --END-- [ RunTime:0.000144s ]
NOTIC: [2] Use of undefined constant default_keyword - assumed 'default_keyword' (this will throw an Error in a future version of PHP) C:\MyServer\www\YHQ_Blog\Application\Runtime\Cache\Blog\83369e50c8cbc00f8d058189a37c7eeb.php 第 155 行.
INFO: Run Behavior\ParseTemplateBehavior [ RunTime:0.015156s ]
INFO: [ view_parse ] --END-- [ RunTime:0.015197s ]
INFO: [ view_filter ] --START--
INFO: Run Behavior\WriteHtmlCacheBehavior [ RunTime:0.000565s ]
INFO: [ view_filter ] --END-- [ RunTime:0.000586s ]
INFO: [ app_end ] --START--
INFO: Run Behavior\ShowPageTraceBehavior [ RunTime:0.001526s ]
INFO: [ app_end ] --END-- [ RunTime:0.001681s ]

[ 2018-02-26T23:35:04+08:00 ] 127.0.0.1 /yhq_blog/index.php/blog/index/index.html
INFO: [ app_init ] --START--
INFO: Run Behavior\BuildLiteBehavior [ RunTime:0.000017s ]
INFO: [ app_init ] --END-- [ RunTime:0.000910s ]
INFO: [ app_begin ] --START--
INFO: Run Behavior\ReadHtmlCacheBehavior [ RunTime:0.001064s ]
INFO: [ app_begin ] --END-- [ RunTime:0.001124s ]
ERR: 1146:Table 'yhq_blog.yhq_post' doesn't exist
 [ SQL语句 ] : SHOW COLUMNS FROM `yhq_post`
INFO: [ view_parse ] --START--
INFO: [ template_filter ] --START--
INFO: Run Behavior\ContentReplaceBehavior [ RunTime:0.000069s ]
INFO: [ template_filter ] --END-- [ RunTime:0.000099s ]
NOTIC: [2] Use of undefined constant default_keyword - assumed 'default_keyword' (this will throw an Error in a future version of PHP) C:\MyServer\www\YHQ_Blog\Application\Runtime\Cache\Blog\83369e50c8cbc00f8d058189a37c7eeb.php 第 155 行.
INFO: Run Behavior\ParseTemplateBehavior [ RunTime:0.009704s ]
INFO: [ view_parse ] --END-- [ RunTime:0.009735s ]
INFO: [ view_filter ] --START--
INFO: Run Behavior\WriteHtmlCacheBehavior [ RunTime:0.000497s ]
INFO: [ view_filter ] --END-- [ RunTime:0.000525s ]
INFO: [ app_end ] --START--
INFO: Run Behavior\ShowPageTraceBehavior [ RunTime:0.002602s ]
INFO: [ app_end ] --END-- [ RunTime:0.002811s ]

[ 2018-02-26T23:35:05+08:00 ] 127.0.0.1 /yhq_blog/index.php/blog/index/index/cat/1.html
INFO: [ app_init ] --START--
INFO: Run Behavior\BuildLiteBehavior [ RunTime:0.000012s ]
INFO: [ app_init ] --END-- [ RunTime:0.000588s ]
INFO: [ app_begin ] --START--
INFO: Run Behavior\ReadHtmlCacheBehavior [ RunTime:0.000950s ]
INFO: [ app_begin ] --END-- [ RunTime:0.001005s ]
ERR: 1146:Table 'yhq_blog.yhq_post' doesn't exist
 [ SQL语句 ] : SHOW COLUMNS FROM `yhq_post`
INFO: [ view_parse ] --START--
INFO: [ template_filter ] --START--
INFO: Run Behavior\ContentReplaceBehavior [ RunTime:0.000086s ]
INFO: [ template_filter ] --END-- [ RunTime:0.000142s ]
NOTIC: [2] Use of undefined constant default_keyword - assumed 'default_keyword' (this will throw an Error in a future version of PHP) C:\MyServer\www\YHQ_Blog\Application\Runtime\Cache\Blog\83369e50c8cbc00f8d058189a37c7eeb.php 第 155 行.
INFO: Run Behavior\ParseTemplateBehavior [ RunTime:0.015808s ]
INFO: [ view_parse ] --END-- [ RunTime:0.015881s ]
INFO: [ view_filter ] --START--
INFO: Run Behavior\WriteHtmlCacheBehavior [ RunTime:0.001409s ]
INFO: [ view_filter ] --END-- [ RunTime:0.001485s ]
INFO: [ app_end ] --START--
INFO: Run Behavior\ShowPageTraceBehavior [ RunTime:0.001236s ]
INFO: [ app_end ] --END-- [ RunTime:0.001569s ]

[ 2018-02-26T23:35:08+08:00 ] 127.0.0.1 /yhq_blog/index.php/blog/index/index/tag/1.html
INFO: [ app_init ] --START--
INFO: Run Behavior\BuildLiteBehavior [ RunTime:0.000010s ]
INFO: [ app_init ] --END-- [ RunTime:0.000525s ]
INFO: [ app_begin ] --START--
INFO: Run Behavior\ReadHtmlCacheBehavior [ RunTime:0.000996s ]
INFO: [ app_begin ] --END-- [ RunTime:0.001051s ]
ERR: 1146:Table 'yhq_blog.yhq_post' doesn't exist
 [ SQL语句 ] : SHOW COLUMNS FROM `yhq_post`
INFO: [ view_parse ] --START--
INFO: [ template_filter ] --START--
INFO: Run Behavior\ContentReplaceBehavior [ RunTime:0.000111s ]
INFO: [ template_filter ] --END-- [ RunTime:0.000370s ]
NOTIC: [2] Use of undefined constant default_keyword - assumed 'default_keyword' (this will throw an Error in a future version of PHP) C:\MyServer\www\YHQ_Blog\Application\Runtime\Cache\Blog\83369e50c8cbc00f8d058189a37c7eeb.php 第 155 行.
INFO: Run Behavior\ParseTemplateBehavior [ RunTime:0.016642s ]
INFO: [ view_parse ] --END-- [ RunTime:0.016696s ]
INFO: [ view_filter ] --START--
INFO: Run Behavior\WriteHtmlCacheBehavior [ RunTime:0.000789s ]
INFO: [ view_filter ] --END-- [ RunTime:0.000830s ]
INFO: [ app_end ] --START--
INFO: Run Behavior\ShowPageTraceBehavior [ RunTime:0.001490s ]
INFO: [ app_end ] --END-- [ RunTime:0.001555s ]

[ 2018-02-26T23:35:10+08:00 ] 127.0.0.1 /yhq_blog/index.php/blog/index/index/tag/20.html
INFO: [ app_init ] --START--
INFO: Run Behavior\BuildLiteBehavior [ RunTime:0.000007s ]
INFO: [ app_init ] --END-- [ RunTime:0.000368s ]
INFO: [ app_begin ] --START--
INFO: Run Behavior\ReadHtmlCacheBehavior [ RunTime:0.000603s ]
INFO: [ app_begin ] --END-- [ RunTime:0.000637s ]
ERR: 1146:Table 'yhq_blog.yhq_post' doesn't exist
 [ SQL语句 ] : SHOW COLUMNS FROM `yhq_post`
INFO: [ view_parse ] --START--
INFO: [ template_filter ] --START--
INFO: Run Behavior\ContentReplaceBehavior [ RunTime:0.000085s ]
INFO: [ template_filter ] --END-- [ RunTime:0.000138s ]
NOTIC: [2] Use of undefined constant default_keyword - assumed 'default_keyword' (this will throw an Error in a future version of PHP) C:\MyServer\www\YHQ_Blog\Application\Runtime\Cache\Blog\83369e50c8cbc00f8d058189a37c7eeb.php 第 155 行.
INFO: Run Behavior\ParseTemplateBehavior [ RunTime:0.011595s ]
INFO: [ view_parse ] --END-- [ RunTime:0.011651s ]
INFO: [ view_filter ] --START--
INFO: Run Behavior\WriteHtmlCacheBehavior [ RunTime:0.000778s ]
INFO: [ view_filter ] --END-- [ RunTime:0.000815s ]
INFO: [ app_end ] --START--
INFO: Run Behavior\ShowPageTraceBehavior [ RunTime:0.000981s ]
INFO: [ app_end ] --END-- [ RunTime:0.001029s ]

[ 2018-02-26T23:35:12+08:00 ] 127.0.0.1 /yhq_blog/index.php/blog/index/index/tag/25.html
INFO: [ app_init ] --START--
INFO: Run Behavior\BuildLiteBehavior [ RunTime:0.000013s ]
INFO: [ app_init ] --END-- [ RunTime:0.000669s ]
INFO: [ app_begin ] --START--
INFO: Run Behavior\ReadHtmlCacheBehavior [ RunTime:0.000652s ]
INFO: [ app_begin ] --END-- [ RunTime:0.000698s ]
ERR: 1146:Table 'yhq_blog.yhq_post' doesn't exist
 [ SQL语句 ] : SHOW COLUMNS FROM `yhq_post`
INFO: [ view_parse ] --START--
INFO: [ template_filter ] --START--
INFO: Run Behavior\ContentReplaceBehavior [ RunTime:0.000082s ]
INFO: [ template_filter ] --END-- [ RunTime:0.000135s ]
NOTIC: [2] Use of undefined constant default_keyword - assumed 'default_keyword' (this will throw an Error in a future version of PHP) C:\MyServer\www\YHQ_Blog\Application\Runtime\Cache\Blog\83369e50c8cbc00f8d058189a37c7eeb.php 第 155 行.
INFO: Run Behavior\ParseTemplateBehavior [ RunTime:0.012430s ]
INFO: [ view_parse ] --END-- [ RunTime:0.012484s ]
INFO: [ view_filter ] --START--
INFO: Run Behavior\WriteHtmlCacheBehavior [ RunTime:0.000815s ]
INFO: [ view_filter ] --END-- [ RunTime:0.000859s ]
INFO: [ app_end ] --START--
INFO: Run Behavior\ShowPageTraceBehavior [ RunTime:0.003713s ]
INFO: [ app_end ] --END-- [ RunTime:0.003807s ]

[ 2018-02-26T23:35:13+08:00 ] 127.0.0.1 /yhq_blog/index.php/blog/index/index/tag/20.html
INFO: [ app_init ] --START--
INFO: Run Behavior\BuildLiteBehavior [ RunTime:0.000009s ]
INFO: [ app_init ] --END-- [ RunTime:0.000410s ]
INFO: [ app_begin ] --START--
INFO: Run Behavior\ReadHtmlCacheBehavior [ RunTime:0.000907s ]
INFO: [ app_begin ] --END-- [ RunTime:0.000956s ]
ERR: 1146:Table 'yhq_blog.yhq_post' doesn't exist
 [ SQL语句 ] : SHOW COLUMNS FROM `yhq_post`
INFO: [ view_parse ] --START--
INFO: [ template_filter ] --START--
INFO: Run Behavior\ContentReplaceBehavior [ RunTime:0.000067s ]
INFO: [ template_filter ] --END-- [ RunTime:0.000100s ]
NOTIC: [2] Use of undefined constant default_keyword - assumed 'default_keyword' (this will throw an Error in a future version of PHP) C:\MyServer\www\YHQ_Blog\Application\Runtime\Cache\Blog\83369e50c8cbc00f8d058189a37c7eeb.php 第 155 行.
INFO: Run Behavior\ParseTemplateBehavior [ RunTime:0.011580s ]
INFO: [ view_parse ] --END-- [ RunTime:0.011643s ]
INFO: [ view_filter ] --START--
INFO: Run Behavior\WriteHtmlCacheBehavior [ RunTime:0.001380s ]
INFO: [ view_filter ] --END-- [ RunTime:0.001462s ]
INFO: [ app_end ] --START--
INFO: Run Behavior\ShowPageTraceBehavior [ RunTime:0.001137s ]
INFO: [ app_end ] --END-- [ RunTime:0.001197s ]

[ 2018-02-26T23:35:14+08:00 ] 127.0.0.1 /yhq_blog/index.php/blog/index/index/tag/16.html
INFO: [ app_init ] --START--
INFO: Run Behavior\BuildLiteBehavior [ RunTime:0.000011s ]
INFO: [ app_init ] --END-- [ RunTime:0.000549s ]
INFO: [ app_begin ] --START--
INFO: Run Behavior\ReadHtmlCacheBehavior [ RunTime:0.000955s ]
INFO: [ app_begin ] --END-- [ RunTime:0.001006s ]
ERR: 1146:Table 'yhq_blog.yhq_post' doesn't exist
 [ SQL语句 ] : SHOW COLUMNS FROM `yhq_post`
INFO: [ view_parse ] --START--
INFO: [ template_filter ] --START--
INFO: Run Behavior\ContentReplaceBehavior [ RunTime:0.000085s ]
INFO: [ template_filter ] --END-- [ RunTime:0.000139s ]
NOTIC: [2] Use of undefined constant default_keyword - assumed 'default_keyword' (this will throw an Error in a future version of PHP) C:\MyServer\www\YHQ_Blog\Application\Runtime\Cache\Blog\83369e50c8cbc00f8d058189a37c7eeb.php 第 155 行.
INFO: Run Behavior\ParseTemplateBehavior [ RunTime:0.012893s ]
INFO: [ view_parse ] --END-- [ RunTime:0.012963s ]
INFO: [ view_filter ] --START--
INFO: Run Behavior\WriteHtmlCacheBehavior [ RunTime:0.001610s ]
INFO: [ view_filter ] --END-- [ RunTime:0.001739s ]
INFO: [ app_end ] --START--
INFO: Run Behavior\ShowPageTraceBehavior [ RunTime:0.002371s ]
INFO: [ app_end ] --END-- [ RunTime:0.002426s ]

[ 2018-02-26T23:35:15+08:00 ] 127.0.0.1 /yhq_blog/index.php/blog/index/index/tag/15.html
INFO: [ app_init ] --START--
INFO: Run Behavior\BuildLiteBehavior [ RunTime:0.000011s ]
INFO: [ app_init ] --END-- [ RunTime:0.000562s ]
INFO: [ app_begin ] --START--
INFO: Run Behavior\ReadHtmlCacheBehavior [ RunTime:0.001759s ]
INFO: [ app_begin ] --END-- [ RunTime:0.001839s ]
ERR: 1146:Table 'yhq_blog.yhq_post' doesn't exist
 [ SQL语句 ] : SHOW COLUMNS FROM `yhq_post`
INFO: [ view_parse ] --START--
INFO: [ template_filter ] --START--
INFO: Run Behavior\ContentReplaceBehavior [ RunTime:0.000087s ]
INFO: [ template_filter ] --END-- [ RunTime:0.000140s ]
NOTIC: [2] Use of undefined constant default_keyword - assumed 'default_keyword' (this will throw an Error in a future version of PHP) C:\MyServer\www\YHQ_Blog\Application\Runtime\Cache\Blog\83369e50c8cbc00f8d058189a37c7eeb.php 第 155 行.
INFO: Run Behavior\ParseTemplateBehavior [ RunTime:0.012667s ]
INFO: [ view_parse ] --END-- [ RunTime:0.012728s ]
INFO: [ view_filter ] --START--
INFO: Run Behavior\WriteHtmlCacheBehavior [ RunTime:0.001482s ]
INFO: [ view_filter ] --END-- [ RunTime:0.001533s ]
INFO: [ app_end ] --START--
INFO: Run Behavior\ShowPageTraceBehavior [ RunTime:0.001605s ]
INFO: [ app_end ] --END-- [ RunTime:0.001866s ]

[ 2018-02-26T23:35:15+08:00 ] 127.0.0.1 /yhq_blog/index.php/blog/index/index/tag/14.html
INFO: [ app_init ] --START--
INFO: Run Behavior\BuildLiteBehavior [ RunTime:0.000021s ]
INFO: [ app_init ] --END-- [ RunTime:0.000904s ]
INFO: [ app_begin ] --START--
INFO: Run Behavior\ReadHtmlCacheBehavior [ RunTime:0.001184s ]
INFO: [ app_begin ] --END-- [ RunTime:0.001250s ]
ERR: 1146:Table 'yhq_blog.yhq_post' doesn't exist
 [ SQL语句 ] : SHOW COLUMNS FROM `yhq_post`
INFO: [ view_parse ] --START--
INFO: [ template_filter ] --START--
INFO: Run Behavior\ContentReplaceBehavior [ RunTime:0.000083s ]
INFO: [ template_filter ] --END-- [ RunTime:0.000141s ]
NOTIC: [2] Use of undefined constant default_keyword - assumed 'default_keyword' (this will throw an Error in a future version of PHP) C:\MyServer\www\YHQ_Blog\Application\Runtime\Cache\Blog\83369e50c8cbc00f8d058189a37c7eeb.php 第 155 行.
INFO: Run Behavior\ParseTemplateBehavior [ RunTime:0.012884s ]
INFO: [ view_parse ] --END-- [ RunTime:0.012932s ]
INFO: [ view_filter ] --START--
INFO: Run Behavior\WriteHtmlCacheBehavior [ RunTime:0.000777s ]
INFO: [ view_filter ] --END-- [ RunTime:0.000822s ]
INFO: [ app_end ] --START--
INFO: Run Behavior\ShowPageTraceBehavior [ RunTime:0.001605s ]
INFO: [ app_end ] --END-- [ RunTime:0.001717s ]

[ 2018-02-26T23:35:16+08:00 ] 127.0.0.1 /yhq_blog/index.php/blog/index/index/tag/3.html
INFO: [ app_init ] --START--
INFO: Run Behavior\BuildLiteBehavior [ RunTime:0.000013s ]
INFO: [ app_init ] --END-- [ RunTime:0.000646s ]
INFO: [ app_begin ] --START--
INFO: Run Behavior\ReadHtmlCacheBehavior [ RunTime:0.002318s ]
INFO: [ app_begin ] --END-- [ RunTime:0.002493s ]
ERR: 1146:Table 'yhq_blog.yhq_post' doesn't exist
 [ SQL语句 ] : SHOW COLUMNS FROM `yhq_post`
INFO: [ view_parse ] --START--
INFO: [ template_filter ] --START--
INFO: Run Behavior\ContentReplaceBehavior [ RunTime:0.000097s ]
INFO: [ template_filter ] --END-- [ RunTime:0.000170s ]
NOTIC: [2] Use of undefined constant default_keyword - assumed 'default_keyword' (this will throw an Error in a future version of PHP) C:\MyServer\www\YHQ_Blog\Application\Runtime\Cache\Blog\83369e50c8cbc00f8d058189a37c7eeb.php 第 155 行.
INFO: Run Behavior\ParseTemplateBehavior [ RunTime:0.012957s ]
INFO: [ view_parse ] --END-- [ RunTime:0.013005s ]
INFO: [ view_filter ] --START--
INFO: Run Behavior\WriteHtmlCacheBehavior [ RunTime:0.000721s ]
INFO: [ view_filter ] --END-- [ RunTime:0.000762s ]
INFO: [ app_end ] --START--
INFO: Run Behavior\ShowPageTraceBehavior [ RunTime:0.001337s ]
INFO: [ app_end ] --END-- [ RunTime:0.001411s ]

[ 2018-02-26T23:35:16+08:00 ] 127.0.0.1 /yhq_blog/index.php/blog/index/index/tag/1.html
INFO: [ app_init ] --START--
INFO: Run Behavior\BuildLiteBehavior [ RunTime:0.000009s ]
INFO: [ app_init ] --END-- [ RunTime:0.000492s ]
INFO: [ app_begin ] --START--
INFO: Run Behavior\ReadHtmlCacheBehavior [ RunTime:0.000821s ]
INFO: [ app_begin ] --END-- [ RunTime:0.000865s ]
ERR: 1146:Table 'yhq_blog.yhq_post' doesn't exist
 [ SQL语句 ] : SHOW COLUMNS FROM `yhq_post`
INFO: [ view_parse ] --START--
INFO: [ template_filter ] --START--
INFO: Run Behavior\ContentReplaceBehavior [ RunTime:0.000086s ]
INFO: [ template_filter ] --END-- [ RunTime:0.000135s ]
NOTIC: [2] Use of undefined constant default_keyword - assumed 'default_keyword' (this will throw an Error in a future version of PHP) C:\MyServer\www\YHQ_Blog\Application\Runtime\Cache\Blog\83369e50c8cbc00f8d058189a37c7eeb.php 第 155 行.
INFO: Run Behavior\ParseTemplateBehavior [ RunTime:0.013973s ]
INFO: [ view_parse ] --END-- [ RunTime:0.014031s ]
INFO: [ view_filter ] --START--
INFO: Run Behavior\WriteHtmlCacheBehavior [ RunTime:0.000743s ]
INFO: [ view_filter ] --END-- [ RunTime:0.000786s ]
INFO: [ app_end ] --START--
INFO: Run Behavior\ShowPageTraceBehavior [ RunTime:0.002908s ]
INFO: [ app_end ] --END-- [ RunTime:0.003019s ]

[ 2018-02-26T23:35:17+08:00 ] 127.0.0.1 /yhq_blog/index.php/blog/index/index/cat/1.html
INFO: [ app_init ] --START--
INFO: Run Behavior\BuildLiteBehavior [ RunTime:0.000013s ]
INFO: [ app_init ] --END-- [ RunTime:0.000630s ]
INFO: [ app_begin ] --START--
INFO: Run Behavior\ReadHtmlCacheBehavior [ RunTime:0.000728s ]
INFO: [ app_begin ] --END-- [ RunTime:0.000771s ]
ERR: 1146:Table 'yhq_blog.yhq_post' doesn't exist
 [ SQL语句 ] : SHOW COLUMNS FROM `yhq_post`
INFO: [ view_parse ] --START--
INFO: [ template_filter ] --START--
INFO: Run Behavior\ContentReplaceBehavior [ RunTime:0.000067s ]
INFO: [ template_filter ] --END-- [ RunTime:0.000104s ]
NOTIC: [2] Use of undefined constant default_keyword - assumed 'default_keyword' (this will throw an Error in a future version of PHP) C:\MyServer\www\YHQ_Blog\Application\Runtime\Cache\Blog\83369e50c8cbc00f8d058189a37c7eeb.php 第 155 行.
INFO: Run Behavior\ParseTemplateBehavior [ RunTime:0.010338s ]
INFO: [ view_parse ] --END-- [ RunTime:0.010385s ]
INFO: [ view_filter ] --START--
INFO: Run Behavior\WriteHtmlCacheBehavior [ RunTime:0.000685s ]
INFO: [ view_filter ] --END-- [ RunTime:0.000723s ]
INFO: [ app_end ] --START--
INFO: Run Behavior\ShowPageTraceBehavior [ RunTime:0.001505s ]
INFO: [ app_end ] --END-- [ RunTime:0.002801s ]

[ 2018-02-26T23:35:18+08:00 ] 127.0.0.1 /yhq_blog/index.php/blog/index/index/cat/1/filter/comment.html
INFO: [ app_init ] --START--
INFO: Run Behavior\BuildLiteBehavior [ RunTime:0.000012s ]
INFO: [ app_init ] --END-- [ RunTime:0.000601s ]
INFO: [ app_begin ] --START--
INFO: Run Behavior\ReadHtmlCacheBehavior [ RunTime:0.000903s ]
INFO: [ app_begin ] --END-- [ RunTime:0.000965s ]
ERR: 1146:Table 'yhq_blog.yhq_post' doesn't exist
 [ SQL语句 ] : SHOW COLUMNS FROM `yhq_post`
INFO: [ view_parse ] --START--
INFO: [ template_filter ] --START--
INFO: Run Behavior\ContentReplaceBehavior [ RunTime:0.000063s ]
INFO: [ template_filter ] --END-- [ RunTime:0.000093s ]
NOTIC: [2] Use of undefined constant default_keyword - assumed 'default_keyword' (this will throw an Error in a future version of PHP) C:\MyServer\www\YHQ_Blog\Application\Runtime\Cache\Blog\83369e50c8cbc00f8d058189a37c7eeb.php 第 155 行.
INFO: Run Behavior\ParseTemplateBehavior [ RunTime:0.008020s ]
INFO: [ view_parse ] --END-- [ RunTime:0.008055s ]
INFO: [ view_filter ] --START--
INFO: Run Behavior\WriteHtmlCacheBehavior [ RunTime:0.000421s ]
INFO: [ view_filter ] --END-- [ RunTime:0.000440s ]
INFO: [ app_end ] --START--
INFO: Run Behavior\ShowPageTraceBehavior [ RunTime:0.002248s ]
INFO: [ app_end ] --END-- [ RunTime:0.002376s ]

[ 2018-02-26T23:35:19+08:00 ] 127.0.0.1 /yhq_blog/index.php/blog/index/index/cat/1/filter/view.html
INFO: [ app_init ] --START--
INFO: Run Behavior\BuildLiteBehavior [ RunTime:0.000014s ]
INFO: [ app_init ] --END-- [ RunTime:0.000801s ]
INFO: [ app_begin ] --START--
INFO: Run Behavior\ReadHtmlCacheBehavior [ RunTime:0.001419s ]
INFO: [ app_begin ] --END-- [ RunTime:0.001478s ]
ERR: 1146:Table 'yhq_blog.yhq_post' doesn't exist
 [ SQL语句 ] : SHOW COLUMNS FROM `yhq_post`
INFO: [ view_parse ] --START--
INFO: [ template_filter ] --START--
INFO: Run Behavior\ContentReplaceBehavior [ RunTime:0.000135s ]
INFO: [ template_filter ] --END-- [ RunTime:0.000218s ]
NOTIC: [2] Use of undefined constant default_keyword - assumed 'default_keyword' (this will throw an Error in a future version of PHP) C:\MyServer\www\YHQ_Blog\Application\Runtime\Cache\Blog\83369e50c8cbc00f8d058189a37c7eeb.php 第 155 行.
INFO: Run Behavior\ParseTemplateBehavior [ RunTime:0.013141s ]
INFO: [ view_parse ] --END-- [ RunTime:0.013197s ]
INFO: [ view_filter ] --START--
INFO: Run Behavior\WriteHtmlCacheBehavior [ RunTime:0.000870s ]
INFO: [ view_filter ] --END-- [ RunTime:0.000917s ]
INFO: [ app_end ] --START--
INFO: Run Behavior\ShowPageTraceBehavior [ RunTime:0.001566s ]
INFO: [ app_end ] --END-- [ RunTime:0.001775s ]

[ 2018-02-26T23:35:19+08:00 ] 127.0.0.1 /yhq_blog/index.php/blog/index/index/cat/1/filter/recent.html
INFO: [ app_init ] --START--
INFO: Run Behavior\BuildLiteBehavior [ RunTime:0.000014s ]
INFO: [ app_init ] --END-- [ RunTime:0.001024s ]
INFO: [ app_begin ] --START--
INFO: Run Behavior\ReadHtmlCacheBehavior [ RunTime:0.001266s ]
INFO: [ app_begin ] --END-- [ RunTime:0.001355s ]
ERR: 1146:Table 'yhq_blog.yhq_post' doesn't exist
 [ SQL语句 ] : SHOW COLUMNS FROM `yhq_post`
INFO: [ view_parse ] --START--
INFO: [ template_filter ] --START--
INFO: Run Behavior\ContentReplaceBehavior [ RunTime:0.000171s ]
INFO: [ template_filter ] --END-- [ RunTime:0.000314s ]
NOTIC: [2] Use of undefined constant default_keyword - assumed 'default_keyword' (this will throw an Error in a future version of PHP) C:\MyServer\www\YHQ_Blog\Application\Runtime\Cache\Blog\83369e50c8cbc00f8d058189a37c7eeb.php 第 155 行.
INFO: Run Behavior\ParseTemplateBehavior [ RunTime:0.013147s ]
INFO: [ view_parse ] --END-- [ RunTime:0.013195s ]
INFO: [ view_filter ] --START--
INFO: Run Behavior\WriteHtmlCacheBehavior [ RunTime:0.000751s ]
INFO: [ view_filter ] --END-- [ RunTime:0.000790s ]
INFO: [ app_end ] --START--
INFO: Run Behavior\ShowPageTraceBehavior [ RunTime:0.001173s ]
INFO: [ app_end ] --END-- [ RunTime:0.001240s ]

[ 2018-02-26T23:35:22+08:00 ] 127.0.0.1 /yhq_blog/index.php/blog/index/index.html
INFO: [ app_init ] --START--
INFO: Run Behavior\BuildLiteBehavior [ RunTime:0.000011s ]
INFO: [ app_init ] --END-- [ RunTime:0.000589s ]
INFO: [ app_begin ] --START--
INFO: Run Behavior\ReadHtmlCacheBehavior [ RunTime:0.000930s ]
INFO: [ app_begin ] --END-- [ RunTime:0.000981s ]
ERR: 1146:Table 'yhq_blog.yhq_post' doesn't exist
 [ SQL语句 ] : SHOW COLUMNS FROM `yhq_post`
INFO: [ view_parse ] --START--
INFO: [ template_filter ] --START--
INFO: Run Behavior\ContentReplaceBehavior [ RunTime:0.000135s ]
INFO: [ template_filter ] --END-- [ RunTime:0.000192s ]
NOTIC: [2] Use of undefined constant default_keyword - assumed 'default_keyword' (this will throw an Error in a future version of PHP) C:\MyServer\www\YHQ_Blog\Application\Runtime\Cache\Blog\83369e50c8cbc00f8d058189a37c7eeb.php 第 155 行.
INFO: Run Behavior\ParseTemplateBehavior [ RunTime:0.014157s ]
INFO: [ view_parse ] --END-- [ RunTime:0.014208s ]
INFO: [ view_filter ] --START--
INFO: Run Behavior\WriteHtmlCacheBehavior [ RunTime:0.000769s ]
INFO: [ view_filter ] --END-- [ RunTime:0.000823s ]
INFO: [ app_end ] --START--
INFO: Run Behavior\ShowPageTraceBehavior [ RunTime:0.003605s ]
INFO: [ app_end ] --END-- [ RunTime:0.003748s ]

